#
# A fatal error has been detected by the Java Runtime Environment:
#
#  EXCEPTION_ACCESS_VIOLATION (0xc0000005) at pc=0x00007ff84319b072, pid=6940, tid=2680
#
# JRE version: Java(TM) SE Runtime Environment (8.0_60-b27) (build 1.8.0_60-b27)
# Java VM: Java HotSpot(TM) 64-Bit Server VM (25.60-b23 mixed mode windows-amd64 compressed oops)
# Problematic frame:
# C  [ig75icd64.dll+0x21b072]
#
# Failed to write core dump. Minidumps are not enabled by default on client versions of Windows
#
# If you would like to submit a bug report, please visit:
#   http://bugreport.java.com/bugreport/crash.jsp
# The crash happened outside the Java Virtual Machine in native code.
# See problematic frame for where to report the bug.
#

---------------  T H R E A D  ---------------

Current thread (0x000000001aff8000):  JavaThread "AWT-EventQueue-0" [_thread_in_native, id=2680, stack(0x000000001bd90000,0x000000001be90000)]

siginfo: ExceptionCode=0xc0000005, reading address 0x0000000000000028

Registers:
RAX=0x0000000000000002, RBX=0x000000001ccf53fc, RCX=0x0000000000000000, RDX=0x0000000020d8ff60
RSP=0x000000001be8b1f0, RBP=0x000000001be8b2f0, RSI=0x000000000072d840, RDI=0x000000001ccf53c8
R8 =0x0000000000000002, R9 =0x0000000021335490, R10=0x0000000020d90018, R11=0x0000000020d908a0
R12=0x0000000000000002, R13=0x0000000000000003, R14=0x0000000000000002, R15=0x0000000000000002
RIP=0x00007ff84319b072, EFLAGS=0x0000000000010202

Top of Stack: (sp=0x000000001be8b1f0)
0x000000001be8b1f0:   00000000213381e8 00000000032df000
0x000000001be8b200:   0000000021338140 00000000213381e8
0x000000001be8b210:   0000000000000000 000000000000000b
0x000000001be8b220:   000000002107cc40 000000002107cbc0
0x000000001be8b230:   000000002107cc00 0000000320ef1048
0x000000001be8b240:   000000022107b080 0000000021335490
0x000000001be8b250:   000000001c06e640 0000000020c9e310
0x000000001be8b260:   0000000020d90018 000000002107afe0
0x000000001be8b270:   000000002107ae40 0000000000000002
0x000000001be8b280:   000000001c087e60 000000002107ade0
0x000000001be8b290:   0000000000000003 000000001ccf4d3c
0x000000001be8b2a0:   0000000016e4c178 000000001c06e620
0x000000001be8b2b0:   000000002107aee0 0000000000000002
0x000000001be8b2c0:   000000002107af20 000000000000000b
0x000000001be8b2d0:   000000002107b040 0000000020fe7d38
0x000000001be8b2e0:   000000002107b020 000000001ccec000 

Instructions: (pc=0x00007ff84319b072)
0x00007ff84319b052:   45 8b b9 a0 00 00 00 44 89 7d 88 41 80 b9 84 00
0x00007ff84319b062:   00 00 00 0f 84 6f 0b 00 00 49 8b 89 e0 00 00 00
0x00007ff84319b072:   48 8b 41 28 48 85 c0 0f 84 06 0b 00 00 4c 8b 68
0x00007ff84319b082:   20 4d 85 ed 0f 84 f4 0a 00 00 41 8b d7 48 c1 e2 


Register to memory mapping:

RAX=0x0000000000000002 is an unknown value
RBX=0x000000001ccf53fc is an unknown value
RCX=0x0000000000000000 is an unknown value
RDX=0x0000000020d8ff60 is an unknown value
RSP=0x000000001be8b1f0 is pointing into the stack for thread: 0x000000001aff8000
RBP=0x000000001be8b2f0 is pointing into the stack for thread: 0x000000001aff8000
RSI=0x000000000072d840 is an unknown value
RDI=0x000000001ccf53c8 is an unknown value
R8 =0x0000000000000002 is an unknown value
R9 =0x0000000021335490 is an unknown value
R10=0x0000000020d90018 is an unknown value
R11=0x0000000020d908a0 is an unknown value
R12=0x0000000000000002 is an unknown value
R13=0x0000000000000003 is an unknown value
R14=0x0000000000000002 is an unknown value
R15=0x0000000000000002 is an unknown value


Stack: [0x000000001bd90000,0x000000001be90000],  sp=0x000000001be8b1f0,  free space=1004k
Native frames: (J=compiled Java code, j=interpreted, Vv=VM code, C=native code)
C  [ig75icd64.dll+0x21b072]
C  [ig75icd64.dll+0x23320e]
C  [ig75icd64.dll+0x2e798b]
C  [ig75icd64.dll+0x2e73c7]
C  [ig75icd64.dll+0xdc014]
C  [ig75icd64.dll+0x4b52b3]
C  0x0000000002615e34

Java frames: (J=compiled Java code, j=interpreted, Vv=VM code)
j  jogamp.opengl.gl4.GL4bcImpl.dispatch_glDrawArrays1(IIIJ)V+0
j  jogamp.opengl.gl4.GL4bcImpl.glDrawArrays(III)V+45
j  a4.Objects.ObjectTV.draw(Lcom/jogamp/opengl/GL4;Lgraphicslib3D/Matrix3D;IIILgraphicslib3D/Matrix3D;)V+261
j  a4.Code.display(Lcom/jogamp/opengl/GLAutoDrawable;)V+486
j  jogamp.opengl.GLDrawableHelper.displayImpl(Lcom/jogamp/opengl/GLAutoDrawable;)V+81
j  jogamp.opengl.GLDrawableHelper.display(Lcom/jogamp/opengl/GLAutoDrawable;)V+2
j  com.jogamp.opengl.awt.GLCanvas$11.run()V+118
j  jogamp.opengl.GLDrawableHelper.invokeGLImpl(Lcom/jogamp/opengl/GLDrawable;Lcom/jogamp/opengl/GLContext;Ljava/lang/Runnable;Ljava/lang/Runnable;)V+203
j  jogamp.opengl.GLDrawableHelper.invokeGL(Lcom/jogamp/opengl/GLDrawable;Lcom/jogamp/opengl/GLContext;Ljava/lang/Runnable;Ljava/lang/Runnable;)V+72
j  com.jogamp.opengl.awt.GLCanvas$12.run()V+104
j  java.awt.event.InvocationEvent.dispatch()V+11
j  java.awt.EventQueue.dispatchEventImpl(Ljava/awt/AWTEvent;Ljava/lang/Object;)V+21
j  java.awt.EventQueue.access$500(Ljava/awt/EventQueue;Ljava/awt/AWTEvent;Ljava/lang/Object;)V+3
j  java.awt.EventQueue$3.run()Ljava/lang/Void;+32
j  java.awt.EventQueue$3.run()Ljava/lang/Object;+1
v  ~StubRoutines::call_stub
j  java.security.AccessController.doPrivileged(Ljava/security/PrivilegedAction;Ljava/security/AccessControlContext;)Ljava/lang/Object;+0
j  java.security.ProtectionDomain$JavaSecurityAccessImpl.doIntersectionPrivilege(Ljava/security/PrivilegedAction;Ljava/security/AccessControlContext;Ljava/security/AccessControlContext;)Ljava/lang/Object;+18
j  java.awt.EventQueue.dispatchEvent(Ljava/awt/AWTEvent;)V+46
j  java.awt.EventDispatchThread.pumpOneEventForFilters(I)V+245
j  java.awt.EventDispatchThread.pumpEventsForFilter(ILjava/awt/Conditional;Ljava/awt/EventFilter;)V+35
j  java.awt.EventDispatchThread.pumpEventsForHierarchy(ILjava/awt/Conditional;Ljava/awt/Component;)V+11
j  java.awt.EventDispatchThread.pumpEvents(ILjava/awt/Conditional;)V+4
j  java.awt.EventDispatchThread.pumpEvents(Ljava/awt/Conditional;)V+3
j  java.awt.EventDispatchThread.run()V+9
v  ~StubRoutines::call_stub

---------------  P R O C E S S  ---------------

Java Threads: ( => current thread )
  0x0000000002505000 JavaThread "DestroyJavaVM" [_thread_blocked, id=6364, stack(0x0000000002400000,0x0000000002500000)]
  0x000000001b1a7800 JavaThread "main-FPSAWTAnimator#00-Timer0" [_thread_blocked, id=5536, stack(0x0000000019fb0000,0x000000001a0b0000)]
  0x000000001ab6d000 JavaThread "main-SharedResourceRunner" daemon [_thread_blocked, id=3864, stack(0x000000001c090000,0x000000001c190000)]
=>0x000000001aff8000 JavaThread "AWT-EventQueue-0" [_thread_in_native, id=2680, stack(0x000000001bd90000,0x000000001be90000)]
  0x000000001aff7000 JavaThread "AWT-Shutdown" [_thread_blocked, id=6472, stack(0x0000000019ce0000,0x0000000019de0000)]
  0x00000000195df000 JavaThread "AWT-Windows" daemon [_thread_in_native, id=2192, stack(0x0000000019de0000,0x0000000019ee0000)]
  0x00000000195dc800 JavaThread "Java2D Disposer" daemon [_thread_blocked, id=6816, stack(0x0000000019be0000,0x0000000019ce0000)]
  0x00000000193d6000 JavaThread "Monitor Ctrl-Break" daemon [_thread_in_native, id=6608, stack(0x0000000019950000,0x0000000019a50000)]
  0x0000000018acb800 JavaThread "Service Thread" daemon [_thread_blocked, id=6180, stack(0x0000000018ea0000,0x0000000018fa0000)]
  0x0000000017167800 JavaThread "C1 CompilerThread2" daemon [_thread_blocked, id=6808, stack(0x00000000189a0000,0x0000000018aa0000)]
  0x0000000017164000 JavaThread "C2 CompilerThread1" daemon [_thread_blocked, id=3924, stack(0x00000000188a0000,0x00000000189a0000)]
  0x0000000017162000 JavaThread "C2 CompilerThread0" daemon [_thread_blocked, id=5020, stack(0x00000000187a0000,0x00000000188a0000)]
  0x0000000017160000 JavaThread "Attach Listener" daemon [_thread_blocked, id=2168, stack(0x00000000186a0000,0x00000000187a0000)]
  0x000000001715f000 JavaThread "Signal Dispatcher" daemon [_thread_blocked, id=2176, stack(0x00000000185a0000,0x00000000186a0000)]
  0x00000000025f5800 JavaThread "Finalizer" daemon [_thread_blocked, id=6256, stack(0x00000000183c0000,0x00000000184c0000)]
  0x00000000025f2000 JavaThread "Reference Handler" daemon [_thread_blocked, id=3440, stack(0x00000000182c0000,0x00000000183c0000)]

Other Threads:
  0x0000000017127800 VMThread [stack: 0x00000000181c0000,0x00000000182c0000] [id=5820]
  0x0000000018b12800 WatcherThread [stack: 0x0000000018fa0000,0x00000000190a0000] [id=6884]

VM state:not at safepoint (normal execution)

VM Mutex/Monitor currently owned by a thread: None

Heap:
 PSYoungGen      total 677888K, used 57128K [0x00000000d5d00000, 0x0000000100000000, 0x0000000100000000)
  eden space 664576K, 8% used [0x00000000d5d00000,0x00000000d94ca088,0x00000000fe600000)
  from space 13312K, 0% used [0x00000000fe600000,0x00000000fe600000,0x00000000ff300000)
  to   space 13312K, 0% used [0x00000000ff300000,0x00000000ff300000,0x0000000100000000)
 ParOldGen       total 269312K, used 200365K [0x0000000081600000, 0x0000000091d00000, 0x00000000d5d00000)
  object space 269312K, 74% used [0x0000000081600000,0x000000008d9ab6d8,0x0000000091d00000)
 Metaspace       used 15915K, capacity 16082K, committed 16384K, reserved 1064960K
  class space    used 1633K, capacity 1729K, committed 1792K, reserved 1048576K

Card table byte_map: [0x00000000119c0000,0x0000000011dc0000] byte_map_base: 0x00000000115b5000

Marking Bits: (ParMarkBitMap*) 0x000000005642a5b0
 Begin Bits: [0x0000000012470000, 0x0000000014418000)
 End Bits:   [0x0000000014418000, 0x00000000163c0000)

Polling page: 0x0000000000b10000

CodeCache: size=245760Kb used=5459Kb max_used=5493Kb free=240300Kb
 bounds [0x0000000002600000, 0x0000000002b70000, 0x0000000011600000]
 total_blobs=1912 nmethods=1096 adapters=729
 compilation: enabled

Compilation events (10 events):
Event: 9.897 Thread 0x0000000017167800 1117   !   3       java.lang.ref.Finalizer::runFinalizer (62 bytes)
Event: 9.898 Thread 0x0000000017167800 nmethod 1117 0x0000000002b4dcd0 code [0x0000000002b4de80, 0x0000000002b4e6f8]
Event: 9.898 Thread 0x0000000017167800 1118       3       java.lang.ref.Finalizer::hasBeenFinalized (14 bytes)
Event: 9.899 Thread 0x0000000017167800 nmethod 1118 0x0000000002714310 code [0x0000000002714460, 0x0000000002714610]
Event: 9.899 Thread 0x0000000017167800 1119   !   3       java.lang.ref.Finalizer::remove (94 bytes)
Event: 9.899 Thread 0x0000000017167800 nmethod 1119 0x0000000002734a90 code [0x0000000002734c00, 0x00000000027350d0]
Event: 9.899 Thread 0x0000000017167800 1121       3       java.util.zip.ZipFile$ZipFileInputStream::finalize (5 bytes)
Event: 9.900 Thread 0x0000000017167800 nmethod 1121 0x0000000002758d10 code [0x0000000002758e80, 0x0000000002759008]
Event: 9.900 Thread 0x0000000017167800 1122       3       java.util.zip.ZipFile$ZipFileInflaterInputStream::finalize (5 bytes)
Event: 9.900 Thread 0x0000000017167800 nmethod 1122 0x0000000002704750 code [0x00000000027048c0, 0x0000000002704a48]

GC Heap History (10 events):
Event: 2.166 GC heap before
{Heap before GC invocations=11 (full 0):
 PSYoungGen      total 429056K, used 427554K [0x00000000d5d00000, 0x00000000f0700000, 0x0000000100000000)
  eden space 423424K, 99% used [0x00000000d5d00000,0x00000000ef979bc8,0x00000000efa80000)
  from space 5632K, 91% used [0x00000000f0080000,0x00000000f058ecb0,0x00000000f0600000)
  to   space 6144K, 0% used [0x00000000efa80000,0x00000000efa80000,0x00000000f0080000)
 ParOldGen       total 87552K, used 5926K [0x0000000081600000, 0x0000000086b80000, 0x00000000d5d00000)
  object space 87552K, 6% used [0x0000000081600000,0x0000000081bc9b00,0x0000000086b80000)
 Metaspace       used 7708K, capacity 7876K, committed 8192K, reserved 1056768K
  class space    used 845K, capacity 898K, committed 1024K, reserved 1048576K
Event: 2.189 GC heap after
Heap after GC invocations=11 (full 0):
 PSYoungGen      total 429568K, used 6118K [0x00000000d5d00000, 0x0000000100000000, 0x0000000100000000)
  eden space 423424K, 0% used [0x00000000d5d00000,0x00000000d5d00000,0x00000000efa80000)
  from space 6144K, 99% used [0x00000000efa80000,0x00000000f0079988,0x00000000f0080000)
  to   space 11776K, 0% used [0x00000000ff480000,0x00000000ff480000,0x0000000100000000)
 ParOldGen       total 87552K, used 18860K [0x0000000081600000, 0x0000000086b80000, 0x00000000d5d00000)
  object space 87552K, 21% used [0x0000000081600000,0x000000008286b358,0x0000000086b80000)
 Metaspace       used 7708K, capacity 7876K, committed 8192K, reserved 1056768K
  class space    used 845K, capacity 898K, committed 1024K, reserved 1048576K
}
Event: 2.507 GC heap before
{Heap before GC invocations=12 (full 0):
 PSYoungGen      total 429568K, used 429542K [0x00000000d5d00000, 0x0000000100000000, 0x0000000100000000)
  eden space 423424K, 100% used [0x00000000d5d00000,0x00000000efa80000,0x00000000efa80000)
  from space 6144K, 99% used [0x00000000efa80000,0x00000000f0079988,0x00000000f0080000)
  to   space 11776K, 0% used [0x00000000ff480000,0x00000000ff480000,0x0000000100000000)
 ParOldGen       total 87552K, used 18860K [0x0000000081600000, 0x0000000086b80000, 0x00000000d5d00000)
  object space 87552K, 21% used [0x0000000081600000,0x000000008286b358,0x0000000086b80000)
 Metaspace       used 7708K, capacity 7876K, committed 8192K, reserved 1056768K
  class space    used 845K, capacity 898K, committed 1024K, reserved 1048576K
Event: 2.523 GC heap after
Heap after GC invocations=12 (full 0):
 PSYoungGen      total 676352K, used 10458K [0x00000000d5d00000, 0x0000000100000000, 0x0000000100000000)
  eden space 664576K, 0% used [0x00000000d5d00000,0x00000000d5d00000,0x00000000fe600000)
  from space 11776K, 88% used [0x00000000ff480000,0x00000000ffeb69b8,0x0000000100000000)
  to   space 13312K, 0% used [0x00000000fe600000,0x00000000fe600000,0x00000000ff300000)
 ParOldGen       total 87552K, used 20766K [0x0000000081600000, 0x0000000086b80000, 0x00000000d5d00000)
  object space 87552K, 23% used [0x0000000081600000,0x0000000082a47af0,0x0000000086b80000)
 Metaspace       used 7708K, capacity 7876K, committed 8192K, reserved 1056768K
  class space    used 845K, capacity 898K, committed 1024K, reserved 1048576K
}
Event: 3.161 GC heap before
{Heap before GC invocations=13 (full 0):
 PSYoungGen      total 676352K, used 675034K [0x00000000d5d00000, 0x0000000100000000, 0x0000000100000000)
  eden space 664576K, 100% used [0x00000000d5d00000,0x00000000fe600000,0x00000000fe600000)
  from space 11776K, 88% used [0x00000000ff480000,0x00000000ffeb69b8,0x0000000100000000)
  to   space 13312K, 0% used [0x00000000fe600000,0x00000000fe600000,0x00000000ff300000)
 ParOldGen       total 87552K, used 20766K [0x0000000081600000, 0x0000000086b80000, 0x00000000d5d00000)
  object space 87552K, 23% used [0x0000000081600000,0x0000000082a47af0,0x0000000086b80000)
 Metaspace       used 7708K, capacity 7876K, committed 8192K, reserved 1056768K
  class space    used 845K, capacity 898K, committed 1024K, reserved 1048576K
Event: 3.193 GC heap after
Heap after GC invocations=13 (full 0):
 PSYoungGen      total 677888K, used 13304K [0x00000000d5d00000, 0x0000000100000000, 0x0000000100000000)
  eden space 664576K, 0% used [0x00000000d5d00000,0x00000000d5d00000,0x00000000fe600000)
  from space 13312K, 99% used [0x00000000fe600000,0x00000000ff2fe020,0x00000000ff300000)
  to   space 13312K, 0% used [0x00000000ff300000,0x00000000ff300000,0x0000000100000000)
 ParOldGen       total 87552K, used 32457K [0x0000000081600000, 0x0000000086b80000, 0x00000000d5d00000)
  object space 87552K, 37% used [0x0000000081600000,0x00000000835b25f0,0x0000000086b80000)
 Metaspace       used 7708K, capacity 7876K, committed 8192K, reserved 1056768K
  class space    used 845K, capacity 898K, committed 1024K, reserved 1048576K
}
Event: 5.760 GC heap before
{Heap before GC invocations=14 (full 0):
 PSYoungGen      total 677888K, used 677880K [0x00000000d5d00000, 0x0000000100000000, 0x0000000100000000)
  eden space 664576K, 100% used [0x00000000d5d00000,0x00000000fe600000,0x00000000fe600000)
  from space 13312K, 99% used [0x00000000fe600000,0x00000000ff2fe020,0x00000000ff300000)
  to   space 13312K, 0% used [0x00000000ff300000,0x00000000ff300000,0x0000000100000000)
 ParOldGen       total 87552K, used 32457K [0x0000000081600000, 0x0000000086b80000, 0x00000000d5d00000)
  object space 87552K, 37% used [0x0000000081600000,0x00000000835b25f0,0x0000000086b80000)
 Metaspace       used 15905K, capacity 16082K, committed 16384K, reserved 1064960K
  class space    used 1632K, capacity 1729K, committed 1792K, reserved 1048576K
Event: 6.539 GC heap after
Heap after GC invocations=14 (full 0):
 PSYoungGen      total 677888K, used 677880K [0x00000000d5d00000, 0x0000000100000000, 0x0000000100000000)
  eden space 664576K, 100% used [0x00000000d5d00000,0x00000000fe600000,0x00000000fe600000)
  from space 13312K, 99% used [0x00000000fe600000,0x00000000ff2fe020,0x00000000ff300000)
  to   space 13312K, 99% used [0x00000000ff300000,0x00000000ffffc990,0x0000000100000000)
 ParOldGen       total 226816K, used 226586K [0x0000000081600000, 0x000000008f380000, 0x00000000d5d00000)
  object space 226816K, 99% used [0x0000000081600000,0x000000008f346998,0x000000008f380000)
 Metaspace       used 15905K, capacity 16082K, committed 16384K, reserved 1064960K
  class space    used 1632K, capacity 1729K, committed 1792K, reserved 1048576K
}
Event: 6.539 GC heap before
{Heap before GC invocations=15 (full 1):
 PSYoungGen      total 677888K, used 677880K [0x00000000d5d00000, 0x0000000100000000, 0x0000000100000000)
  eden space 664576K, 100% used [0x00000000d5d00000,0x00000000fe600000,0x00000000fe600000)
  from space 13312K, 99% used [0x00000000fe600000,0x00000000ff2fe020,0x00000000ff300000)
  to   space 13312K, 99% used [0x00000000ff300000,0x00000000ffffc990,0x0000000100000000)
 ParOldGen       total 226816K, used 226586K [0x0000000081600000, 0x000000008f380000, 0x00000000d5d00000)
  object space 226816K, 99% used [0x0000000081600000,0x000000008f346998,0x000000008f380000)
 Metaspace       used 15905K, capacity 16082K, committed 16384K, reserved 1064960K
  class space    used 1632K, capacity 1729K, committed 1792K, reserved 1048576K
Event: 9.894 GC heap after
Heap after GC invocations=15 (full 1):
 PSYoungGen      total 677888K, used 0K [0x00000000d5d00000, 0x0000000100000000, 0x0000000100000000)
  eden space 664576K, 0% used [0x00000000d5d00000,0x00000000d5d00000,0x00000000fe600000)
  from space 13312K, 0% used [0x00000000fe600000,0x00000000fe600000,0x00000000ff300000)
  to   space 13312K, 0% used [0x00000000ff300000,0x00000000ff300000,0x0000000100000000)
 ParOldGen       total 269312K, used 200365K [0x0000000081600000, 0x0000000091d00000, 0x00000000d5d00000)
  object space 269312K, 74% used [0x0000000081600000,0x000000008d9ab6d8,0x0000000091d00000)
 Metaspace       used 15905K, capacity 16082K, committed 16384K, reserved 1064960K
  class space    used 1632K, capacity 1729K, committed 1792K, reserved 1048576K
}

Deoptimization events (10 events):
Event: 3.883 Thread 0x0000000002505000 Uncommon trap: reason=unstable_if action=reinterpret pc=0x00000000028e77e8 method=java.lang.CharacterDataLatin1.digit(II)I @ 31
Event: 4.513 Thread 0x000000001ab6d000 Uncommon trap: reason=unstable_if action=reinterpret pc=0x00000000028c3b34 method=java.lang.String.trim()Ljava/lang/String; @ 23
Event: 4.765 Thread 0x000000001ab6d000 Uncommon trap: reason=unstable_if action=reinterpret pc=0x0000000002ac6888 method=java.lang.Class.searchFields([Ljava/lang/reflect/Field;Ljava/lang/String;)Ljava/lang/reflect/Field; @ 20
Event: 4.774 Thread 0x0000000002505000 Uncommon trap: reason=unstable_if action=reinterpret pc=0x0000000002ac2730 method=java.lang.reflect.AccessibleObject.setAccessible0(Ljava/lang/reflect/AccessibleObject;Z)V @ 4
Event: 4.813 Thread 0x0000000002505000 Uncommon trap: reason=class_check action=maybe_recompile pc=0x000000000287c948 method=java.util.AbstractCollection.toArray([Ljava/lang/Object;)[Ljava/lang/Object; @ 1
Event: 4.813 Thread 0x0000000002505000 Uncommon trap: reason=class_check action=maybe_recompile pc=0x000000000287c948 method=java.util.AbstractCollection.toArray([Ljava/lang/Object;)[Ljava/lang/Object; @ 1
Event: 5.253 Thread 0x000000001aff8000 Uncommon trap: reason=unstable_if action=reinterpret pc=0x0000000002b481a8 method=java.awt.image.ComponentColorModel.getDataElements(ILjava/lang/Object;)Ljava/lang/Object; @ 30
Event: 5.297 Thread 0x000000001aff8000 Uncommon trap: reason=unstable_if action=reinterpret pc=0x0000000002b264b8 method=sun.awt.image.ByteInterleavedRaster.getDataElements(IILjava/lang/Object;)Ljava/lang/Object; @ 43
Event: 5.473 Thread 0x000000001aff8000 Uncommon trap: reason=unstable_if action=reinterpret pc=0x0000000002b379b8 method=sun.java2d.loops.OpaqueCopyAnyToArgb.Blit(Lsun/java2d/SurfaceData;Lsun/java2d/SurfaceData;Ljava/awt/Composite;Lsun/java2d/pipe/Region;IIIIII)V @ 150
Event: 10.005 Thread 0x000000001aff8000 Uncommon trap: reason=unstable_if action=reinterpret pc=0x0000000002b4b8ac method=sun.java2d.loops.OpaqueCopyArgbToAny.Blit(Lsun/java2d/SurfaceData;Lsun/java2d/SurfaceData;Ljava/awt/Composite;Lsun/java2d/pipe/Region;IIIIII)V @ 117

Internal exceptions (10 events):
Event: 0.401 Thread 0x0000000002505000 Exception <a 'java/security/PrivilegedActionException'> (0x00000000d608acf0) thrown at [C:\re\workspace\8-2-build-windows-amd64-cygwin\jdk8u60\4407\hotspot\src\share\vm\prims\jvm.cpp, line 1386]
Event: 0.428 Thread 0x0000000002505000 Exception <a 'java/io/FileNotFoundException'> (0x00000000d608cf18) thrown at [C:\re\workspace\8-2-build-windows-amd64-cygwin\jdk8u60\4407\hotspot\src\share\vm\prims\jni.cpp, line 709]
Event: 0.487 Thread 0x0000000002505000 Exception <a 'java/lang/NoSuchFieldError': method resolution failed> (0x00000000d6200a48) thrown at [C:\re\workspace\8-2-build-windows-amd64-cygwin\jdk8u60\4407\hotspot\src\share\vm\prims\methodHandles.cpp, line 1146]
Event: 0.489 Thread 0x0000000002505000 Exception <a 'java/lang/NoSuchFieldError': method resolution failed> (0x00000000d620dd98) thrown at [C:\re\workspace\8-2-build-windows-amd64-cygwin\jdk8u60\4407\hotspot\src\share\vm\prims\methodHandles.cpp, line 1146]
Event: 0.552 Thread 0x0000000002505000 Exception <a 'java/io/FileNotFoundException'> (0x00000000d62a3320) thrown at [C:\re\workspace\8-2-build-windows-amd64-cygwin\jdk8u60\4407\hotspot\src\share\vm\prims\jni.cpp, line 709]
Event: 3.739 Thread 0x0000000002505000 Implicit null exception at 0x00000000028fe071 to 0x00000000028fe60d
Event: 3.885 Thread 0x0000000002505000 Exception <a 'java/io/FileNotFoundException'> (0x00000000ec17fc88) thrown at [C:\re\workspace\8-2-build-windows-amd64-cygwin\jdk8u60\4407\hotspot\src\share\vm\prims\jni.cpp, line 709]
Event: 4.766 Thread 0x0000000002505000 Exception <a 'java/lang/InterruptedException'> (0x00000000ed53ffe0) thrown at [C:\re\workspace\8-2-build-windows-amd64-cygwin\jdk8u60\4407\hotspot\src\share\vm\runtime\objectMonitor.cpp, line 1683]
Event: 4.824 Thread 0x0000000002505000 Exception <a 'java/lang/reflect/InvocationTargetException'> (0x00000000ed5fbd58) thrown at [C:\re\workspace\8-2-build-windows-amd64-cygwin\jdk8u60\4407\hotspot\src\share\vm\runtime\reflection.cpp, line 1092]
Event: 5.297 Thread 0x000000001aff8000 Implicit null exception at 0x0000000002b26240 to 0x0000000002b2649d

Events (10 events):
Event: 9.899 Thread 0x0000000017167800 flushing nmethod 0x0000000002734a90
Event: 9.899 Thread 0x0000000017167800 flushing nmethod 0x0000000002758390
Event: 9.899 Thread 0x0000000017167800 flushing nmethod 0x0000000002758b90
Event: 9.899 Thread 0x0000000017167800 flushing nmethod 0x000000000275e8d0
Event: 9.899 Thread 0x0000000017167800 flushing nmethod 0x0000000002770350
Event: 10.005 Thread 0x000000001aff8000 Uncommon trap: trap_request=0xffffff65 fr.pc=0x0000000002b4b8ac
Event: 10.005 Thread 0x000000001aff8000 DEOPT PACKING pc=0x0000000002b4b8ac sp=0x000000001be8d9d0
Event: 10.005 Thread 0x000000001aff8000 DEOPT UNPACKING pc=0x000000000264582a sp=0x000000001be8d998 mode 2
Event: 10.060 loading class graphicslib3D/MatrixInvert
Event: 10.060 loading class graphicslib3D/MatrixInvert done


Dynamic libraries:
0x00007ff7377a0000 - 0x00007ff7377d7000 	C:\Program Files\Java\jdk1.8.0_60\bin\java.exe
0x00007ff86e490000 - 0x00007ff86e651000 	C:\WINDOWS\SYSTEM32\ntdll.dll
0x00007ff86c6f0000 - 0x00007ff86c79d000 	C:\WINDOWS\system32\KERNEL32.DLL
0x00007ff86b6e0000 - 0x00007ff86b8bd000 	C:\WINDOWS\system32\KERNELBASE.dll
0x00007ff86bdc0000 - 0x00007ff86be66000 	C:\WINDOWS\system32\ADVAPI32.dll
0x00007ff86bb40000 - 0x00007ff86bbdd000 	C:\WINDOWS\system32\msvcrt.dll
0x00007ff86bd60000 - 0x00007ff86bdbb000 	C:\WINDOWS\system32\sechost.dll
0x00007ff86c1f0000 - 0x00007ff86c316000 	C:\WINDOWS\system32\RPCRT4.dll
0x00007ff86c5a0000 - 0x00007ff86c6ee000 	C:\WINDOWS\system32\USER32.dll
0x00007ff86c020000 - 0x00007ff86c1a6000 	C:\WINDOWS\system32\GDI32.dll
0x00007ff85d550000 - 0x00007ff85d7c4000 	C:\WINDOWS\WinSxS\amd64_microsoft.windows.common-controls_6595b64144ccf1df_6.0.10240.16384_none_f41f7b285750ef43\COMCTL32.dll
0x00007ff86c1b0000 - 0x00007ff86c1e6000 	C:\WINDOWS\system32\IMM32.DLL
0x00007ff86bbe0000 - 0x00007ff86bd3c000 	C:\WINDOWS\system32\MSCTF.dll
0x00000000564b0000 - 0x0000000056582000 	C:\Program Files\Java\jdk1.8.0_60\jre\bin\msvcr100.dll
0x0000000055c20000 - 0x00000000564a9000 	C:\Program Files\Java\jdk1.8.0_60\jre\bin\server\jvm.dll
0x00007ff86c4e0000 - 0x00007ff86c4e8000 	C:\WINDOWS\system32\PSAPI.DLL
0x00007ff8619c0000 - 0x00007ff8619c9000 	C:\WINDOWS\SYSTEM32\WSOCK32.dll
0x00007ff86be70000 - 0x00007ff86bed9000 	C:\WINDOWS\system32\WS2_32.dll
0x00007ff86c320000 - 0x00007ff86c328000 	C:\WINDOWS\system32\NSI.dll
0x00007ff869280000 - 0x00007ff8692a3000 	C:\WINDOWS\SYSTEM32\WINMM.dll
0x00007ff8619d0000 - 0x00007ff8619da000 	C:\WINDOWS\SYSTEM32\VERSION.dll
0x00007ff869250000 - 0x00007ff86927c000 	C:\WINDOWS\SYSTEM32\WINMMBASE.dll
0x00007ff86baf0000 - 0x00007ff86bb34000 	C:\WINDOWS\system32\cfgmgr32.dll
0x00007ff869810000 - 0x00007ff869837000 	C:\WINDOWS\SYSTEM32\DEVOBJ.dll
0x0000000055c10000 - 0x0000000055c1f000 	C:\Program Files\Java\jdk1.8.0_60\jre\bin\verify.dll
0x0000000055be0000 - 0x0000000055c09000 	C:\Program Files\Java\jdk1.8.0_60\jre\bin\java.dll
0x0000000055bc0000 - 0x0000000055bd6000 	C:\Program Files\Java\jdk1.8.0_60\jre\bin\zip.dll
0x00007ff86caa0000 - 0x00007ff86dfc2000 	C:\WINDOWS\system32\SHELL32.dll
0x00007ff86b0b0000 - 0x00007ff86b6d8000 	C:\WINDOWS\system32\windows.storage.dll
0x00007ff86dfd0000 - 0x00007ff86e24c000 	C:\WINDOWS\system32\combase.dll
0x00007ff86ca40000 - 0x00007ff86ca91000 	C:\WINDOWS\system32\shlwapi.dll
0x00007ff86af10000 - 0x00007ff86af1f000 	C:\WINDOWS\system32\kernel.appcore.dll
0x00007ff86aff0000 - 0x00007ff86b0a3000 	C:\WINDOWS\system32\shcore.dll
0x00007ff86aec0000 - 0x00007ff86af0a000 	C:\WINDOWS\system32\powrprof.dll
0x00007ff86aea0000 - 0x00007ff86aeb3000 	C:\WINDOWS\system32\profapi.dll
0x00007ff8646b0000 - 0x00007ff8646c0000 	C:\Program Files (x86)\JetBrains\IntelliJ IDEA Community Edition 15.0.1\bin\breakgen64.dll
0x0000000055ba0000 - 0x0000000055bba000 	C:\Program Files\Java\jdk1.8.0_60\jre\bin\net.dll
0x00007ff86a730000 - 0x00007ff86a78d000 	C:\WINDOWS\system32\mswsock.dll
0x0000000054db0000 - 0x0000000054f48000 	C:\Program Files\Java\jdk1.8.0_60\jre\bin\awt.dll
0x00007ff86c7a0000 - 0x00007ff86c85e000 	C:\WINDOWS\system32\OLEAUT32.dll
0x00007ff8694a0000 - 0x00007ff869518000 	C:\WINDOWS\system32\apphelp.dll
0x00007ff868780000 - 0x00007ff8687a2000 	C:\WINDOWS\system32\DWMAPI.DLL
0x00007ff8696c0000 - 0x00007ff869756000 	C:\WINDOWS\system32\uxtheme.dll
0x00007ff86c8d0000 - 0x00007ff86ca11000 	C:\WINDOWS\system32\ole32.dll
0x00007ff86acf0000 - 0x00007ff86ad5b000 	C:\WINDOWS\SYSTEM32\bcryptPrimitives.dll
0x00007ff86a790000 - 0x00007ff86a7a7000 	C:\WINDOWS\SYSTEM32\CRYPTSP.dll
0x00007ff86a9e0000 - 0x00007ff86aa08000 	C:\WINDOWS\SYSTEM32\bcrypt.dll
0x00007ff86a330000 - 0x00007ff86a363000 	C:\WINDOWS\system32\rsaenh.dll
0x00007ff86a4b0000 - 0x00007ff86a4cf000 	C:\WINDOWS\SYSTEM32\USERENV.dll
0x00007ff86a930000 - 0x00007ff86a93b000 	C:\WINDOWS\SYSTEM32\CRYPTBASE.dll
0x00007ff866210000 - 0x00007ff866248000 	C:\WINDOWS\SYSTEM32\IPHLPAPI.DLL
0x00007ff866590000 - 0x00007ff86659b000 	C:\WINDOWS\SYSTEM32\WINNSI.DLL
0x00007ff865290000 - 0x00007ff8652a6000 	C:\WINDOWS\SYSTEM32\dhcpcsvc6.DLL
0x00007ff865be0000 - 0x00007ff865bfa000 	C:\WINDOWS\SYSTEM32\dhcpcsvc.DLL
0x00000000559f0000 - 0x0000000055a01000 	C:\Program Files\Java\jdk1.8.0_60\jre\bin\nio.dll
0x00000000637c0000 - 0x00000000637cd000 	C:\Users\Dan\AppData\Local\Temp\jogamp_0000\file_cache\jln4030707661102887181\jln7210918562237533410\gluegen-rt.dll
0x00000000559d0000 - 0x00000000559d7000 	C:\Program Files\Java\jdk1.8.0_60\jre\bin\jawt.dll
0x000000006a440000 - 0x000000006a44d000 	C:\Users\Dan\AppData\Local\Temp\jogamp_0000\file_cache\jln4030707661102887181\jln7210918562237533410\nativewindow_awt.dll
0x000000006c100000 - 0x000000006c10f000 	C:\Users\Dan\AppData\Local\Temp\jogamp_0000\file_cache\jln4030707661102887181\jln7210918562237533410\nativewindow_win32.dll
0x00007ff850450000 - 0x00007ff850578000 	C:\WINDOWS\SYSTEM32\OpenGL32.dll
0x00007ff850420000 - 0x00007ff85044e000 	C:\WINDOWS\SYSTEM32\GLU32.dll
0x00007ff84fb50000 - 0x00007ff84fc46000 	C:\WINDOWS\SYSTEM32\DDRAW.dll
0x00007ff8509f0000 - 0x00007ff8509f8000 	C:\WINDOWS\SYSTEM32\DCIMAN32.dll
0x0000000064500000 - 0x00000000645ae000 	C:\Users\Dan\AppData\Local\Temp\jogamp_0000\file_cache\jln4030707661102887181\jln7210918562237533410\jogl_desktop.dll
0x0000000064340000 - 0x00000000643a0000 	C:\Users\Dan\AppData\Local\Temp\jogamp_0000\file_cache\jln4030707661102887181\jln7210918562237533410\jogl_mobile.dll
0x00007ff842f80000 - 0x00007ff843a79000 	C:\WINDOWS\SYSTEM32\ig75icd64.dll
0x00007ff866910000 - 0x00007ff867314000 	C:\WINDOWS\SYSTEM32\igdusc64.dll
0x00007ff868b70000 - 0x00007ff868b83000 	C:\WINDOWS\SYSTEM32\WTSAPI32.dll
0x0000000054d60000 - 0x0000000054da7000 	C:\Program Files\Java\jdk1.8.0_60\jre\bin\fontmanager.dll
0x0000000054d20000 - 0x0000000054d51000 	C:\Program Files\Java\jdk1.8.0_60\jre\bin\jpeg.dll
0x00007ff84bc80000 - 0x00007ff84be0a000 	C:\WINDOWS\SYSTEM32\dbghelp.dll

VM Arguments:
jvm_args: -Didea.launcher.port=7535 -Didea.launcher.bin.path=C:\Program Files (x86)\JetBrains\IntelliJ IDEA Community Edition 15.0.1\bin -Dfile.encoding=UTF-8 
java_command: com.intellij.rt.execution.application.AppMain a4.Main
java_class_path (initial): C:\Program Files\Java\jdk1.8.0_60\jre\lib\charsets.jar;C:\Program Files\Java\jdk1.8.0_60\jre\lib\deploy.jar;C:\Program Files\Java\jdk1.8.0_60\jre\lib\ext\access-bridge-64.jar;C:\Program Files\Java\jdk1.8.0_60\jre\lib\ext\cldrdata.jar;C:\Program Files\Java\jdk1.8.0_60\jre\lib\ext\dnsns.jar;C:\Program Files\Java\jdk1.8.0_60\jre\lib\ext\jaccess.jar;C:\Program Files\Java\jdk1.8.0_60\jre\lib\ext\jfxrt.jar;C:\Program Files\Java\jdk1.8.0_60\jre\lib\ext\localedata.jar;C:\Program Files\Java\jdk1.8.0_60\jre\lib\ext\nashorn.jar;C:\Program Files\Java\jdk1.8.0_60\jre\lib\ext\sunec.jar;C:\Program Files\Java\jdk1.8.0_60\jre\lib\ext\sunjce_provider.jar;C:\Program Files\Java\jdk1.8.0_60\jre\lib\ext\sunmscapi.jar;C:\Program Files\Java\jdk1.8.0_60\jre\lib\ext\sunpkcs11.jar;C:\Program Files\Java\jdk1.8.0_60\jre\lib\ext\zipfs.jar;C:\Program Files\Java\jdk1.8.0_60\jre\lib\javaws.jar;C:\Program Files\Java\jdk1.8.0_60\jre\lib\jce.jar;C:\Program Files\Java\jdk1.8.0_60\jre\lib\jfr.jar;C:\Program Files\Java\jdk1.8.0_60\jre\lib\jfxswt.jar;C:\Program Files\Java\jdk1.8.0_60\jre\lib\jsse.jar;C:\Program Files\Java\jdk1.8.0_60\jre\lib\management-agent.jar;C:\Program Files\Java\jdk1.8.0_60\jre\lib\plugin.jar;C:\Program Files\Java\jdk1.8.0_60\jre\lib\resources.jar;C:\Program Files\Java\jdk1.8.0_60\jre\lib\rt.jar;C:\Users\Dan\Developer\CSC155\Assignments\a4\out\production\a4;C:\jogl\jogamp-all-platforms\jar\joal.jar;C:\jogl\jogamp-all-platforms\jar\jocl.jar;C:\jogl\jogamp-all-platforms\jar\gluegen.jar;C:\jogl\jogamp-all-platforms\jar\jogl-all.jar;C:\jogl\jogamp-all-platforms\jar\joal-test.jar;C:\jogl\jogamp-all-platforms\jar\jocl-test.jar;C:\jogl\jogamp-all-platforms\jar\jogl-test.jar;C:\jogl\jogamp-all-platforms\jar\gluegen-rt.jar;C:\jogl\jogamp-all-platforms\jar\joal-android.jar;C:\jogl\jogamp-all-platforms\jar\jocl-android.jar;C:\jogl\jogamp-all-platforms\jar\jogl-all-noawt.jar;C:\jogl\jogamp-all-platforms\jar\jogl-all-mobile.jar;C:\jogl\jogamp-all-platforms\jar\jogl-al
Launcher Type: SUN_STANDARD

Environment Variables:
JAVA_HOME=C:\Program Files\Java\jdk1.8.0_60
CLASSPATH=.;C:\jogl\jogamp-all-platforms\jar\gluegen-rt.jar;C:\jogl\jogamp-all-platforms\jar\jogl-all.jar;C:\jogl\jogl-demos\jogl-demos\jar\jogl-demos.jar;C:\jogl\jogl-demos\jogl-demos\jar\jogl-demos-data.jar;C:\jogl\jogl-demos\jogl-demos\jar\jogl-demos-util.jar;C:\jogl\graphicslib3D\graphicslib3D.jar
PATH=C:\ProgramData\Oracle\Java\javapath;C:\Program Files\Java\jdk1.8.0_60\bin;C:\WINDOWS\system32;C:\WINDOWS;C:\WINDOWS\System32\Wbem;C:\WINDOWS\System32\WindowsPowerShell\v1.0\;C:\Program Files\Git\cmd;C:\adb
USERNAME=Dan
OS=Windows_NT
PROCESSOR_IDENTIFIER=Intel64 Family 6 Model 69 Stepping 1, GenuineIntel



---------------  S Y S T E M  ---------------

OS: Windows 10.0 , 64 bit Build 10240 (10.0.10240.16384)

CPU:total 4 (2 cores per cpu, 2 threads per core) family 6 model 69 stepping 1, cmov, cx8, fxsr, mmx, sse, sse2, sse3, ssse3, sse4.1, sse4.2, popcnt, avx, avx2, aes, clmul, erms, lzcnt, ht, tsc, tscinvbit, bmi1, bmi2

Memory: 4k page, physical 8294916k(3967908k free), swap 15619072k(10737492k free)

vm_info: Java HotSpot(TM) 64-Bit Server VM (25.60-b23) for windows-amd64 JRE (1.8.0_60-b27), built on Aug  4 2015 11:06:27 by "java_re" with MS VC++ 10.0 (VS2010)

time: Tue Dec 08 12:33:26 2015
elapsed time: 10 seconds (0d 0h 0m 10s)

