#
# A fatal error has been detected by the Java Runtime Environment:
#
#  EXCEPTION_ACCESS_VIOLATION (0xc0000005) at pc=0x00007ff84319b072, pid=4980, tid=6124
#
# JRE version: Java(TM) SE Runtime Environment (8.0_60-b27) (build 1.8.0_60-b27)
# Java VM: Java HotSpot(TM) 64-Bit Server VM (25.60-b23 mixed mode windows-amd64 compressed oops)
# Problematic frame:
# C  [ig75icd64.dll+0x21b072]
#
# Failed to write core dump. Minidumps are not enabled by default on client versions of Windows
#
# If you would like to submit a bug report, please visit:
#   http://bugreport.java.com/bugreport/crash.jsp
# The crash happened outside the Java Virtual Machine in native code.
# See problematic frame for where to report the bug.
#

---------------  T H R E A D  ---------------

Current thread (0x000000001b7ea000):  JavaThread "AWT-EventQueue-0" [_thread_in_native, id=6124, stack(0x000000001c690000,0x000000001c790000)]

siginfo: ExceptionCode=0xc0000005, reading address 0x0000000000000028

Registers:
RAX=0x0000000000000002, RBX=0x000000001e6753fc, RCX=0x0000000000000000, RDX=0x000000002260ec40
RSP=0x000000001c78aa50, RBP=0x000000001c78ab50, RSI=0x00000000010925c0, RDI=0x000000001e6753c8
R8 =0x0000000000000002, R9 =0x0000000022ce6ff0, R10=0x000000002260ecf8, R11=0x000000002260f580
R12=0x0000000000000002, R13=0x0000000000000003, R14=0x0000000000000002, R15=0x0000000000000002
RIP=0x00007ff84319b072, EFLAGS=0x0000000000010202

Top of Stack: (sp=0x000000001c78aa50)
0x000000001c78aa50:   00000000226121b8 00000000032df000
0x000000001c78aa60:   0000000022612110 00000000226121b8
0x000000001c78aa70:   0000000000000000 000000000000000b
0x000000001c78aa80:   00000000229fcab8 00000000229fca38
0x000000001c78aa90:   00000000229fca78 0000000322873b88
0x000000001c78aaa0:   00000002229faef8 0000000022ce6ff0
0x000000001c78aab0:   000000001c96e970 00000000225f5550
0x000000001c78aac0:   000000002260ecf8 00000000229fae58
0x000000001c78aad0:   00000000229facb8 0000000000000002
0x000000001c78aae0:   000000001c987d28 00000000229fac58
0x000000001c78aaf0:   0000000000000003 000000001e674d3c
0x000000001c78ab00:   00000000177cc3a0 000000001c96e950
0x000000001c78ab10:   00000000229fad58 0000000000000002
0x000000001c78ab20:   00000000229fad98 000000000000000b
0x000000001c78ab30:   00000000229faeb8 0000000022967b60
0x000000001c78ab40:   00000000229fae98 000000001e66c000 

Instructions: (pc=0x00007ff84319b072)
0x00007ff84319b052:   45 8b b9 a0 00 00 00 44 89 7d 88 41 80 b9 84 00
0x00007ff84319b062:   00 00 00 0f 84 6f 0b 00 00 49 8b 89 e0 00 00 00
0x00007ff84319b072:   48 8b 41 28 48 85 c0 0f 84 06 0b 00 00 4c 8b 68
0x00007ff84319b082:   20 4d 85 ed 0f 84 f4 0a 00 00 41 8b d7 48 c1 e2 


Register to memory mapping:

RAX=0x0000000000000002 is an unknown value
RBX=0x000000001e6753fc is an unknown value
RCX=0x0000000000000000 is an unknown value
RDX=0x000000002260ec40 is an unknown value
RSP=0x000000001c78aa50 is pointing into the stack for thread: 0x000000001b7ea000
RBP=0x000000001c78ab50 is pointing into the stack for thread: 0x000000001b7ea000
RSI=0x00000000010925c0 is an unknown value
RDI=0x000000001e6753c8 is an unknown value
R8 =0x0000000000000002 is an unknown value
R9 =0x0000000022ce6ff0 is an unknown value
R10=0x000000002260ecf8 is an unknown value
R11=0x000000002260f580 is an unknown value
R12=0x0000000000000002 is an unknown value
R13=0x0000000000000003 is an unknown value
R14=0x0000000000000002 is an unknown value
R15=0x0000000000000002 is an unknown value


Stack: [0x000000001c690000,0x000000001c790000],  sp=0x000000001c78aa50,  free space=1002k
Native frames: (J=compiled Java code, j=interpreted, Vv=VM code, C=native code)
C  [ig75icd64.dll+0x21b072]
C  [ig75icd64.dll+0x23320e]
C  [ig75icd64.dll+0x2e798b]
C  [ig75icd64.dll+0x2e73c7]
C  [ig75icd64.dll+0xdc014]
C  [ig75icd64.dll+0x4b52b3]
C  0x0000000002f95e34

Java frames: (J=compiled Java code, j=interpreted, Vv=VM code)
j  jogamp.opengl.gl4.GL4bcImpl.dispatch_glDrawArrays1(IIIJ)V+0
j  jogamp.opengl.gl4.GL4bcImpl.glDrawArrays(III)V+45
j  a4.Objects.ObjectTV.draw(Lcom/jogamp/opengl/GL4;Lgraphicslib3D/Matrix3D;IIILgraphicslib3D/Matrix3D;)V+261
j  a4.Code.display(Lcom/jogamp/opengl/GLAutoDrawable;)V+486
j  jogamp.opengl.GLDrawableHelper.displayImpl(Lcom/jogamp/opengl/GLAutoDrawable;)V+81
j  jogamp.opengl.GLDrawableHelper.display(Lcom/jogamp/opengl/GLAutoDrawable;)V+2
j  com.jogamp.opengl.awt.GLCanvas$11.run()V+118
j  jogamp.opengl.GLDrawableHelper.invokeGLImpl(Lcom/jogamp/opengl/GLDrawable;Lcom/jogamp/opengl/GLContext;Ljava/lang/Runnable;Ljava/lang/Runnable;)V+203
j  jogamp.opengl.GLDrawableHelper.invokeGL(Lcom/jogamp/opengl/GLDrawable;Lcom/jogamp/opengl/GLContext;Ljava/lang/Runnable;Ljava/lang/Runnable;)V+72
j  com.jogamp.opengl.awt.GLCanvas$12.run()V+104
j  java.awt.event.InvocationEvent.dispatch()V+11
j  java.awt.EventQueue.dispatchEventImpl(Ljava/awt/AWTEvent;Ljava/lang/Object;)V+21
j  java.awt.EventQueue.access$500(Ljava/awt/EventQueue;Ljava/awt/AWTEvent;Ljava/lang/Object;)V+3
j  java.awt.EventQueue$3.run()Ljava/lang/Void;+32
j  java.awt.EventQueue$3.run()Ljava/lang/Object;+1
v  ~StubRoutines::call_stub
j  java.security.AccessController.doPrivileged(Ljava/security/PrivilegedAction;Ljava/security/AccessControlContext;)Ljava/lang/Object;+0
j  java.security.ProtectionDomain$JavaSecurityAccessImpl.doIntersectionPrivilege(Ljava/security/PrivilegedAction;Ljava/security/AccessControlContext;Ljava/security/AccessControlContext;)Ljava/lang/Object;+18
j  java.awt.EventQueue.dispatchEvent(Ljava/awt/AWTEvent;)V+46
j  java.awt.EventDispatchThread.pumpOneEventForFilters(I)V+245
j  java.awt.EventDispatchThread.pumpEventsForFilter(ILjava/awt/Conditional;Ljava/awt/EventFilter;)V+35
j  java.awt.EventDispatchThread.pumpEventsForHierarchy(ILjava/awt/Conditional;Ljava/awt/Component;)V+11
j  java.awt.EventDispatchThread.pumpEvents(ILjava/awt/Conditional;)V+4
j  java.awt.EventDispatchThread.pumpEvents(Ljava/awt/Conditional;)V+3
j  java.awt.EventDispatchThread.run()V+9
v  ~StubRoutines::call_stub

---------------  P R O C E S S  ---------------

Java Threads: ( => current thread )
  0x0000000002e85000 JavaThread "DestroyJavaVM" [_thread_blocked, id=3484, stack(0x0000000002d80000,0x0000000002e80000)]
  0x000000001bcb2800 JavaThread "main-FPSAWTAnimator#00-Timer0" [_thread_blocked, id=4696, stack(0x0000000022e30000,0x0000000022f30000)]
  0x000000001bcc7000 JavaThread "main-SharedResourceRunner" daemon [_thread_blocked, id=6128, stack(0x000000001c990000,0x000000001ca90000)]
=>0x000000001b7ea000 JavaThread "AWT-EventQueue-0" [_thread_in_native, id=6124, stack(0x000000001c690000,0x000000001c790000)]
  0x000000001b53a800 JavaThread "AWT-Shutdown" [_thread_blocked, id=6116, stack(0x000000001a6b0000,0x000000001a7b0000)]
  0x0000000019f85800 JavaThread "AWT-Windows" daemon [_thread_in_native, id=484, stack(0x000000001a7b0000,0x000000001a8b0000)]
  0x0000000019f06000 JavaThread "Java2D Disposer" daemon [_thread_blocked, id=5512, stack(0x000000001a5b0000,0x000000001a6b0000)]
  0x000000001970c000 JavaThread "Monitor Ctrl-Break" daemon [_thread_in_native, id=4752, stack(0x000000001a210000,0x000000001a310000)]
  0x0000000019323000 JavaThread "Service Thread" daemon [_thread_blocked, id=6048, stack(0x0000000019810000,0x0000000019910000)]
  0x0000000019313000 JavaThread "C1 CompilerThread2" daemon [_thread_blocked, id=7016, stack(0x0000000019710000,0x0000000019810000)]
  0x0000000017ae5800 JavaThread "C2 CompilerThread1" daemon [_thread_blocked, id=3884, stack(0x0000000019210000,0x0000000019310000)]
  0x0000000017ae2800 JavaThread "C2 CompilerThread0" daemon [_thread_blocked, id=4484, stack(0x0000000019110000,0x0000000019210000)]
  0x0000000017ae1800 JavaThread "Attach Listener" daemon [_thread_blocked, id=2292, stack(0x0000000019010000,0x0000000019110000)]
  0x0000000017ae0000 JavaThread "Signal Dispatcher" daemon [_thread_blocked, id=1612, stack(0x0000000018f10000,0x0000000019010000)]
  0x0000000002f76000 JavaThread "Finalizer" daemon [_thread_blocked, id=3008, stack(0x0000000018d30000,0x0000000018e30000)]
  0x0000000002f72000 JavaThread "Reference Handler" daemon [_thread_blocked, id=6988, stack(0x0000000018c30000,0x0000000018d30000)]

Other Threads:
  0x0000000017aa7800 VMThread [stack: 0x0000000018b30000,0x0000000018c30000] [id=1216]
  0x0000000019389800 WatcherThread [stack: 0x0000000019910000,0x0000000019a10000] [id=708]

VM state:not at safepoint (normal execution)

VM Mutex/Monitor currently owned by a thread: None

Heap:
 PSYoungGen      total 547328K, used 47749K [0x00000000d5d00000, 0x0000000100000000, 0x0000000100000000)
  eden space 535552K, 8% used [0x00000000d5d00000,0x00000000d8ba1798,0x00000000f6800000)
  from space 11776K, 0% used [0x00000000ff480000,0x00000000ff480000,0x0000000100000000)
  to   space 77824K, 0% used [0x00000000f6800000,0x00000000f6800000,0x00000000fb400000)
 ParOldGen       total 334336K, used 200365K [0x0000000081600000, 0x0000000095c80000, 0x00000000d5d00000)
  object space 334336K, 59% used [0x0000000081600000,0x000000008d9ab528,0x0000000095c80000)
 Metaspace       used 15918K, capacity 16082K, committed 16384K, reserved 1064960K
  class space    used 1629K, capacity 1729K, committed 1792K, reserved 1048576K

Card table byte_map: [0x0000000012340000,0x0000000012740000] byte_map_base: 0x0000000011f35000

Marking Bits: (ParMarkBitMap*) 0x000000005642a5b0
 Begin Bits: [0x0000000012df0000, 0x0000000014d98000)
 End Bits:   [0x0000000014d98000, 0x0000000016d40000)

Polling page: 0x0000000001370000

CodeCache: size=245760Kb used=5552Kb max_used=5583Kb free=240207Kb
 bounds [0x0000000002f80000, 0x0000000003500000, 0x0000000011f80000]
 total_blobs=1902 nmethods=1086 adapters=729
 compilation: enabled

Compilation events (10 events):
Event: 9.447 Thread 0x0000000019313000 1100       3       java.lang.ref.Finalizer::access$100 (6 bytes)
Event: 9.447 Thread 0x0000000019313000 nmethod 1100 0x00000000034e3150 code [0x00000000034e32c0, 0x00000000034e3428]
Event: 9.448 Thread 0x0000000019313000 1101   !   3       java.lang.ref.Finalizer::runFinalizer (62 bytes)
Event: 9.449 Thread 0x0000000019313000 nmethod 1101 0x00000000030d4090 code [0x00000000030d4240, 0x00000000030d4ab8]
Event: 9.449 Thread 0x0000000019313000 1104       3       java.lang.System$2::invokeFinalize (5 bytes)
Event: 9.450 Thread 0x0000000019313000 nmethod 1104 0x00000000034db650 code [0x00000000034db7c0, 0x00000000034db9e8]
Event: 9.450 Thread 0x0000000019313000 1105       3       java.util.zip.ZipFile$ZipFileInputStream::finalize (5 bytes)
Event: 9.450 Thread 0x0000000019313000 nmethod 1105 0x00000000030d8d50 code [0x00000000030d8ec0, 0x00000000030d9048]
Event: 9.450 Thread 0x0000000019313000 1106       3       java.util.zip.ZipFile$ZipFileInflaterInputStream::finalize (5 bytes)
Event: 9.451 Thread 0x0000000019313000 nmethod 1106 0x00000000030d89d0 code [0x00000000030d8b40, 0x00000000030d8cc8]

GC Heap History (10 events):
Event: 2.730 GC heap before
{Heap before GC invocations=11 (full 0):
 PSYoungGen      total 429056K, used 428571K [0x00000000d5d00000, 0x00000000f0700000, 0x0000000100000000)
  eden space 423424K, 100% used [0x00000000d5d00000,0x00000000efa80000,0x00000000efa80000)
  from space 5632K, 91% used [0x00000000f0080000,0x00000000f0586cb0,0x00000000f0600000)
  to   space 6144K, 0% used [0x00000000efa80000,0x00000000efa80000,0x00000000f0080000)
 ParOldGen       total 87552K, used 5910K [0x0000000081600000, 0x0000000086b80000, 0x00000000d5d00000)
  object space 87552K, 6% used [0x0000000081600000,0x0000000081bc5b00,0x0000000086b80000)
 Metaspace       used 7714K, capacity 7876K, committed 8192K, reserved 1056768K
  class space    used 845K, capacity 898K, committed 1024K, reserved 1048576K
Event: 2.757 GC heap after
Heap after GC invocations=11 (full 0):
 PSYoungGen      total 429568K, used 6119K [0x00000000d5d00000, 0x0000000100000000, 0x0000000100000000)
  eden space 423424K, 0% used [0x00000000d5d00000,0x00000000d5d00000,0x00000000efa80000)
  from space 6144K, 99% used [0x00000000efa80000,0x00000000f0079d00,0x00000000f0080000)
  to   space 11264K, 0% used [0x00000000ff500000,0x00000000ff500000,0x0000000100000000)
 ParOldGen       total 87552K, used 17812K [0x0000000081600000, 0x0000000086b80000, 0x00000000d5d00000)
  object space 87552K, 20% used [0x0000000081600000,0x0000000082765358,0x0000000086b80000)
 Metaspace       used 7714K, capacity 7876K, committed 8192K, reserved 1056768K
  class space    used 845K, capacity 898K, committed 1024K, reserved 1048576K
}
Event: 2.952 GC heap before
{Heap before GC invocations=12 (full 0):
 PSYoungGen      total 429568K, used 429543K [0x00000000d5d00000, 0x0000000100000000, 0x0000000100000000)
  eden space 423424K, 100% used [0x00000000d5d00000,0x00000000efa80000,0x00000000efa80000)
  from space 6144K, 99% used [0x00000000efa80000,0x00000000f0079d00,0x00000000f0080000)
  to   space 11264K, 0% used [0x00000000ff500000,0x00000000ff500000,0x0000000100000000)
 ParOldGen       total 87552K, used 17812K [0x0000000081600000, 0x0000000086b80000, 0x00000000d5d00000)
  object space 87552K, 20% used [0x0000000081600000,0x0000000082765358,0x0000000086b80000)
 Metaspace       used 7714K, capacity 7876K, committed 8192K, reserved 1056768K
  class space    used 845K, capacity 898K, committed 1024K, reserved 1048576K
Event: 2.971 GC heap after
Heap after GC invocations=12 (full 0):
 PSYoungGen      total 678912K, used 7261K [0x00000000d5d00000, 0x0000000100000000, 0x0000000100000000)
  eden space 667648K, 0% used [0x00000000d5d00000,0x00000000d5d00000,0x00000000fe900000)
  from space 11264K, 64% used [0x00000000ff500000,0x00000000ffc17450,0x0000000100000000)
  to   space 11776K, 0% used [0x00000000fe900000,0x00000000fe900000,0x00000000ff480000)
 ParOldGen       total 87552K, used 23956K [0x0000000081600000, 0x0000000086b80000, 0x00000000d5d00000)
  object space 87552K, 27% used [0x0000000081600000,0x0000000082d65058,0x0000000086b80000)
 Metaspace       used 7714K, capacity 7876K, committed 8192K, reserved 1056768K
  class space    used 845K, capacity 898K, committed 1024K, reserved 1048576K
}
Event: 3.415 GC heap before
{Heap before GC invocations=13 (full 0):
 PSYoungGen      total 678912K, used 674909K [0x00000000d5d00000, 0x0000000100000000, 0x0000000100000000)
  eden space 667648K, 100% used [0x00000000d5d00000,0x00000000fe900000,0x00000000fe900000)
  from space 11264K, 64% used [0x00000000ff500000,0x00000000ffc17450,0x0000000100000000)
  to   space 11776K, 0% used [0x00000000fe900000,0x00000000fe900000,0x00000000ff480000)
 ParOldGen       total 87552K, used 23956K [0x0000000081600000, 0x0000000086b80000, 0x00000000d5d00000)
  object space 87552K, 27% used [0x0000000081600000,0x0000000082d65058,0x0000000086b80000)
 Metaspace       used 7714K, capacity 7876K, committed 8192K, reserved 1056768K
  class space    used 845K, capacity 898K, committed 1024K, reserved 1048576K
Event: 3.451 GC heap after
Heap after GC invocations=13 (full 0):
 PSYoungGen      total 679424K, used 11754K [0x00000000d5d00000, 0x0000000100000000, 0x0000000100000000)
  eden space 667648K, 0% used [0x00000000d5d00000,0x00000000d5d00000,0x00000000fe900000)
  from space 11776K, 99% used [0x00000000fe900000,0x00000000ff47ab68,0x00000000ff480000)
  to   space 11776K, 0% used [0x00000000ff480000,0x00000000ff480000,0x0000000100000000)
 ParOldGen       total 87552K, used 37356K [0x0000000081600000, 0x0000000086b80000, 0x00000000d5d00000)
  object space 87552K, 42% used [0x0000000081600000,0x0000000083a7b010,0x0000000086b80000)
 Metaspace       used 7714K, capacity 7876K, committed 8192K, reserved 1056768K
  class space    used 845K, capacity 898K, committed 1024K, reserved 1048576K
}
Event: 5.802 GC heap before
{Heap before GC invocations=14 (full 0):
 PSYoungGen      total 679424K, used 679402K [0x00000000d5d00000, 0x0000000100000000, 0x0000000100000000)
  eden space 667648K, 100% used [0x00000000d5d00000,0x00000000fe900000,0x00000000fe900000)
  from space 11776K, 99% used [0x00000000fe900000,0x00000000ff47ab68,0x00000000ff480000)
  to   space 11776K, 0% used [0x00000000ff480000,0x00000000ff480000,0x0000000100000000)
 ParOldGen       total 87552K, used 37356K [0x0000000081600000, 0x0000000086b80000, 0x00000000d5d00000)
  object space 87552K, 42% used [0x0000000081600000,0x0000000083a7b010,0x0000000086b80000)
 Metaspace       used 15908K, capacity 16082K, committed 16384K, reserved 1064960K
  class space    used 1629K, capacity 1729K, committed 1792K, reserved 1048576K
Event: 5.888 GC heap after
Heap after GC invocations=14 (full 0):
 PSYoungGen      total 547328K, used 11775K [0x00000000d5d00000, 0x0000000100000000, 0x0000000100000000)
  eden space 535552K, 0% used [0x00000000d5d00000,0x00000000d5d00000,0x00000000f6800000)
  from space 11776K, 99% used [0x00000000ff480000,0x00000000ffffff38,0x0000000100000000)
  to   space 77824K, 0% used [0x00000000f6800000,0x00000000f6800000,0x00000000fb400000)
 ParOldGen       total 206848K, used 206747K [0x0000000081600000, 0x000000008e000000, 0x00000000d5d00000)
  object space 206848K, 99% used [0x0000000081600000,0x000000008dfe6c88,0x000000008e000000)
 Metaspace       used 15908K, capacity 16082K, committed 16384K, reserved 1064960K
  class space    used 1629K, capacity 1729K, committed 1792K, reserved 1048576K
}
Event: 5.888 GC heap before
{Heap before GC invocations=15 (full 1):
 PSYoungGen      total 547328K, used 11775K [0x00000000d5d00000, 0x0000000100000000, 0x0000000100000000)
  eden space 535552K, 0% used [0x00000000d5d00000,0x00000000d5d00000,0x00000000f6800000)
  from space 11776K, 99% used [0x00000000ff480000,0x00000000ffffff38,0x0000000100000000)
  to   space 77824K, 0% used [0x00000000f6800000,0x00000000f6800000,0x00000000fb400000)
 ParOldGen       total 206848K, used 206747K [0x0000000081600000, 0x000000008e000000, 0x00000000d5d00000)
  object space 206848K, 99% used [0x0000000081600000,0x000000008dfe6c88,0x000000008e000000)
 Metaspace       used 15908K, capacity 16082K, committed 16384K, reserved 1064960K
  class space    used 1629K, capacity 1729K, committed 1792K, reserved 1048576K
Event: 9.439 GC heap after
Heap after GC invocations=15 (full 1):
 PSYoungGen      total 547328K, used 0K [0x00000000d5d00000, 0x0000000100000000, 0x0000000100000000)
  eden space 535552K, 0% used [0x00000000d5d00000,0x00000000d5d00000,0x00000000f6800000)
  from space 11776K, 0% used [0x00000000ff480000,0x00000000ff480000,0x0000000100000000)
  to   space 77824K, 0% used [0x00000000f6800000,0x00000000f6800000,0x00000000fb400000)
 ParOldGen       total 334336K, used 200365K [0x0000000081600000, 0x0000000095c80000, 0x00000000d5d00000)
  object space 334336K, 59% used [0x0000000081600000,0x000000008d9ab528,0x0000000095c80000)
 Metaspace       used 15908K, capacity 16082K, committed 16384K, reserved 1064960K
  class space    used 1629K, capacity 1729K, committed 1792K, reserved 1048576K
}

Deoptimization events (10 events):
Event: 4.012 Thread 0x0000000002e85000 Uncommon trap: reason=unstable_if action=reinterpret pc=0x000000000326ac28 method=java.lang.CharacterDataLatin1.digit(II)I @ 31
Event: 4.583 Thread 0x000000001bcc7000 Uncommon trap: reason=unstable_if action=reinterpret pc=0x000000000323c534 method=java.lang.String.trim()Ljava/lang/String; @ 23
Event: 4.856 Thread 0x000000001bcc7000 Uncommon trap: reason=unstable_if action=reinterpret pc=0x0000000003450b48 method=java.lang.Class.searchFields([Ljava/lang/reflect/Field;Ljava/lang/String;)Ljava/lang/reflect/Field; @ 20
Event: 4.864 Thread 0x0000000002e85000 Uncommon trap: reason=unstable_if action=reinterpret pc=0x0000000003451b30 method=java.lang.reflect.AccessibleObject.setAccessible0(Ljava/lang/reflect/AccessibleObject;Z)V @ 4
Event: 4.888 Thread 0x0000000002e85000 Uncommon trap: reason=class_check action=maybe_recompile pc=0x00000000031f5148 method=java.util.AbstractCollection.toArray([Ljava/lang/Object;)[Ljava/lang/Object; @ 1
Event: 4.888 Thread 0x0000000002e85000 Uncommon trap: reason=class_check action=maybe_recompile pc=0x00000000031f5148 method=java.util.AbstractCollection.toArray([Ljava/lang/Object;)[Ljava/lang/Object; @ 1
Event: 5.372 Thread 0x000000001b7ea000 Uncommon trap: reason=unstable_if action=reinterpret pc=0x00000000034deba8 method=java.awt.image.ComponentColorModel.getDataElements(ILjava/lang/Object;)Ljava/lang/Object; @ 30
Event: 5.418 Thread 0x000000001b7ea000 Uncommon trap: reason=unstable_if action=reinterpret pc=0x00000000034c2af8 method=sun.awt.image.ByteInterleavedRaster.getDataElements(IILjava/lang/Object;)Ljava/lang/Object; @ 43
Event: 5.612 Thread 0x000000001b7ea000 Uncommon trap: reason=unstable_if action=reinterpret pc=0x00000000034ceb78 method=sun.java2d.loops.OpaqueCopyAnyToArgb.Blit(Lsun/java2d/SurfaceData;Lsun/java2d/SurfaceData;Ljava/awt/Composite;Lsun/java2d/pipe/Region;IIIIII)V @ 150
Event: 9.577 Thread 0x000000001b7ea000 Uncommon trap: reason=unstable_if action=reinterpret pc=0x00000000034e22f8 method=sun.java2d.loops.OpaqueCopyArgbToAny.Blit(Lsun/java2d/SurfaceData;Lsun/java2d/SurfaceData;Ljava/awt/Composite;Lsun/java2d/pipe/Region;IIIIII)V @ 117

Internal exceptions (10 events):
Event: 0.553 Thread 0x0000000002e85000 Exception <a 'java/security/PrivilegedActionException'> (0x00000000d608ac08) thrown at [C:\re\workspace\8-2-build-windows-amd64-cygwin\jdk8u60\4407\hotspot\src\share\vm\prims\jvm.cpp, line 1386]
Event: 0.559 Thread 0x0000000002e85000 Exception <a 'java/io/FileNotFoundException'> (0x00000000d608ce30) thrown at [C:\re\workspace\8-2-build-windows-amd64-cygwin\jdk8u60\4407\hotspot\src\share\vm\prims\jni.cpp, line 709]
Event: 0.621 Thread 0x0000000002e85000 Exception <a 'java/lang/NoSuchFieldError': method resolution failed> (0x00000000d6200950) thrown at [C:\re\workspace\8-2-build-windows-amd64-cygwin\jdk8u60\4407\hotspot\src\share\vm\prims\methodHandles.cpp, line 1146]
Event: 0.622 Thread 0x0000000002e85000 Exception <a 'java/lang/NoSuchFieldError': method resolution failed> (0x00000000d620dca0) thrown at [C:\re\workspace\8-2-build-windows-amd64-cygwin\jdk8u60\4407\hotspot\src\share\vm\prims\methodHandles.cpp, line 1146]
Event: 0.672 Thread 0x0000000002e85000 Exception <a 'java/io/FileNotFoundException'> (0x00000000d62a31b8) thrown at [C:\re\workspace\8-2-build-windows-amd64-cygwin\jdk8u60\4407\hotspot\src\share\vm\prims\jni.cpp, line 709]
Event: 3.864 Thread 0x0000000002e85000 Implicit null exception at 0x000000000327cff1 to 0x000000000327d58d
Event: 4.014 Thread 0x0000000002e85000 Exception <a 'java/io/FileNotFoundException'> (0x00000000ebab31b8) thrown at [C:\re\workspace\8-2-build-windows-amd64-cygwin\jdk8u60\4407\hotspot\src\share\vm\prims\jni.cpp, line 709]
Event: 4.857 Thread 0x0000000002e85000 Exception <a 'java/lang/InterruptedException'> (0x00000000edb94470) thrown at [C:\re\workspace\8-2-build-windows-amd64-cygwin\jdk8u60\4407\hotspot\src\share\vm\runtime\objectMonitor.cpp, line 1683]
Event: 4.900 Thread 0x0000000002e85000 Exception <a 'java/lang/reflect/InvocationTargetException'> (0x00000000edc501e8) thrown at [C:\re\workspace\8-2-build-windows-amd64-cygwin\jdk8u60\4407\hotspot\src\share\vm\runtime\reflection.cpp, line 1092]
Event: 5.418 Thread 0x000000001b7ea000 Implicit null exception at 0x00000000034c2880 to 0x00000000034c2add

Events (10 events):
Event: 9.446 Thread 0x0000000019313000 flushing nmethod 0x00000000030d4710
Event: 9.446 Thread 0x0000000019313000 flushing nmethod 0x00000000030d88d0
Event: 9.446 Thread 0x0000000019313000 flushing nmethod 0x00000000030d8bd0
Event: 9.446 Thread 0x0000000019313000 flushing nmethod 0x00000000030df9d0
Event: 9.446 Thread 0x0000000019313000 flushing nmethod 0x00000000030f0b50
Event: 9.577 Thread 0x000000001b7ea000 Uncommon trap: trap_request=0xffffff65 fr.pc=0x00000000034e22f8
Event: 9.577 Thread 0x000000001b7ea000 DEOPT PACKING pc=0x00000000034e22f8 sp=0x000000001c78d230
Event: 9.577 Thread 0x000000001b7ea000 DEOPT UNPACKING pc=0x0000000002fc582a sp=0x000000001c78d1f8 mode 2
Event: 9.686 loading class graphicslib3D/MatrixInvert
Event: 9.686 loading class graphicslib3D/MatrixInvert done


Dynamic libraries:
0x00007ff7377a0000 - 0x00007ff7377d7000 	C:\Program Files\Java\jdk1.8.0_60\bin\java.exe
0x00007ff86e490000 - 0x00007ff86e651000 	C:\WINDOWS\SYSTEM32\ntdll.dll
0x00007ff86c6f0000 - 0x00007ff86c79d000 	C:\WINDOWS\system32\KERNEL32.DLL
0x00007ff86b6e0000 - 0x00007ff86b8bd000 	C:\WINDOWS\system32\KERNELBASE.dll
0x00007ff8694a0000 - 0x00007ff869518000 	C:\WINDOWS\system32\apphelp.dll
0x00007ff86bdc0000 - 0x00007ff86be66000 	C:\WINDOWS\system32\ADVAPI32.dll
0x00007ff86bb40000 - 0x00007ff86bbdd000 	C:\WINDOWS\system32\msvcrt.dll
0x00007ff86bd60000 - 0x00007ff86bdbb000 	C:\WINDOWS\system32\sechost.dll
0x00007ff86c1f0000 - 0x00007ff86c316000 	C:\WINDOWS\system32\RPCRT4.dll
0x00007ff86c5a0000 - 0x00007ff86c6ee000 	C:\WINDOWS\system32\USER32.dll
0x00007ff86c020000 - 0x00007ff86c1a6000 	C:\WINDOWS\system32\GDI32.dll
0x00007ff85d550000 - 0x00007ff85d7c4000 	C:\WINDOWS\WinSxS\amd64_microsoft.windows.common-controls_6595b64144ccf1df_6.0.10240.16384_none_f41f7b285750ef43\COMCTL32.dll
0x00007ff86c1b0000 - 0x00007ff86c1e6000 	C:\WINDOWS\system32\IMM32.DLL
0x00007ff86bbe0000 - 0x00007ff86bd3c000 	C:\WINDOWS\system32\MSCTF.dll
0x00000000564b0000 - 0x0000000056582000 	C:\Program Files\Java\jdk1.8.0_60\jre\bin\msvcr100.dll
0x0000000055c20000 - 0x00000000564a9000 	C:\Program Files\Java\jdk1.8.0_60\jre\bin\server\jvm.dll
0x00007ff86c4e0000 - 0x00007ff86c4e8000 	C:\WINDOWS\system32\PSAPI.DLL
0x00007ff869280000 - 0x00007ff8692a3000 	C:\WINDOWS\SYSTEM32\WINMM.dll
0x00007ff8619c0000 - 0x00007ff8619c9000 	C:\WINDOWS\SYSTEM32\WSOCK32.dll
0x00007ff8619d0000 - 0x00007ff8619da000 	C:\WINDOWS\SYSTEM32\VERSION.dll
0x00007ff86be70000 - 0x00007ff86bed9000 	C:\WINDOWS\system32\WS2_32.dll
0x00007ff86c320000 - 0x00007ff86c328000 	C:\WINDOWS\system32\NSI.dll
0x00007ff869250000 - 0x00007ff86927c000 	C:\WINDOWS\SYSTEM32\WINMMBASE.dll
0x00007ff86baf0000 - 0x00007ff86bb34000 	C:\WINDOWS\system32\cfgmgr32.dll
0x00007ff869810000 - 0x00007ff869837000 	C:\WINDOWS\SYSTEM32\DEVOBJ.dll
0x0000000055c10000 - 0x0000000055c1f000 	C:\Program Files\Java\jdk1.8.0_60\jre\bin\verify.dll
0x0000000055be0000 - 0x0000000055c09000 	C:\Program Files\Java\jdk1.8.0_60\jre\bin\java.dll
0x0000000055bc0000 - 0x0000000055bd6000 	C:\Program Files\Java\jdk1.8.0_60\jre\bin\zip.dll
0x00007ff86caa0000 - 0x00007ff86dfc2000 	C:\WINDOWS\system32\SHELL32.dll
0x00007ff86b0b0000 - 0x00007ff86b6d8000 	C:\WINDOWS\system32\windows.storage.dll
0x00007ff86dfd0000 - 0x00007ff86e24c000 	C:\WINDOWS\system32\combase.dll
0x00007ff86ca40000 - 0x00007ff86ca91000 	C:\WINDOWS\system32\shlwapi.dll
0x00007ff86af10000 - 0x00007ff86af1f000 	C:\WINDOWS\system32\kernel.appcore.dll
0x00007ff86aff0000 - 0x00007ff86b0a3000 	C:\WINDOWS\system32\shcore.dll
0x00007ff86aec0000 - 0x00007ff86af0a000 	C:\WINDOWS\system32\powrprof.dll
0x00007ff86aea0000 - 0x00007ff86aeb3000 	C:\WINDOWS\system32\profapi.dll
0x00007ff869670000 - 0x00007ff869680000 	C:\Program Files (x86)\JetBrains\IntelliJ IDEA Community Edition 15.0.1\bin\breakgen64.dll
0x0000000055a20000 - 0x0000000055bb8000 	C:\Program Files\Java\jdk1.8.0_60\jre\bin\awt.dll
0x00007ff86c7a0000 - 0x00007ff86c85e000 	C:\WINDOWS\system32\OLEAUT32.dll
0x0000000055a00000 - 0x0000000055a1a000 	C:\Program Files\Java\jdk1.8.0_60\jre\bin\net.dll
0x00007ff86a730000 - 0x00007ff86a78d000 	C:\WINDOWS\system32\mswsock.dll
0x00007ff868780000 - 0x00007ff8687a2000 	C:\WINDOWS\system32\DWMAPI.DLL
0x00007ff8696c0000 - 0x00007ff869756000 	C:\WINDOWS\system32\uxtheme.dll
0x00007ff86c8d0000 - 0x00007ff86ca11000 	C:\WINDOWS\system32\ole32.dll
0x00007ff86acf0000 - 0x00007ff86ad5b000 	C:\WINDOWS\SYSTEM32\bcryptPrimitives.dll
0x00007ff86a790000 - 0x00007ff86a7a7000 	C:\WINDOWS\SYSTEM32\CRYPTSP.dll
0x00007ff86a9e0000 - 0x00007ff86aa08000 	C:\WINDOWS\SYSTEM32\bcrypt.dll
0x00007ff86a330000 - 0x00007ff86a363000 	C:\WINDOWS\system32\rsaenh.dll
0x00007ff86a4b0000 - 0x00007ff86a4cf000 	C:\WINDOWS\SYSTEM32\USERENV.dll
0x00007ff86a930000 - 0x00007ff86a93b000 	C:\WINDOWS\SYSTEM32\CRYPTBASE.dll
0x00007ff866210000 - 0x00007ff866248000 	C:\WINDOWS\SYSTEM32\IPHLPAPI.DLL
0x00007ff866590000 - 0x00007ff86659b000 	C:\WINDOWS\SYSTEM32\WINNSI.DLL
0x00007ff865290000 - 0x00007ff8652a6000 	C:\WINDOWS\SYSTEM32\dhcpcsvc6.DLL
0x00007ff865be0000 - 0x00007ff865bfa000 	C:\WINDOWS\SYSTEM32\dhcpcsvc.DLL
0x00000000559e0000 - 0x00000000559f1000 	C:\Program Files\Java\jdk1.8.0_60\jre\bin\nio.dll
0x00000000637c0000 - 0x00000000637cd000 	C:\Users\Dan\AppData\Local\Temp\jogamp_0000\file_cache\jln763770457710871298\jln4670499413906261916\gluegen-rt.dll
0x00000000559c0000 - 0x00000000559c7000 	C:\Program Files\Java\jdk1.8.0_60\jre\bin\jawt.dll
0x000000006a440000 - 0x000000006a44d000 	C:\Users\Dan\AppData\Local\Temp\jogamp_0000\file_cache\jln763770457710871298\jln4670499413906261916\nativewindow_awt.dll
0x000000006c100000 - 0x000000006c10f000 	C:\Users\Dan\AppData\Local\Temp\jogamp_0000\file_cache\jln763770457710871298\jln4670499413906261916\nativewindow_win32.dll
0x00007ff850450000 - 0x00007ff850578000 	C:\WINDOWS\SYSTEM32\OpenGL32.dll
0x00007ff850420000 - 0x00007ff85044e000 	C:\WINDOWS\SYSTEM32\GLU32.dll
0x00007ff84fb50000 - 0x00007ff84fc46000 	C:\WINDOWS\SYSTEM32\DDRAW.dll
0x00007ff8509f0000 - 0x00007ff8509f8000 	C:\WINDOWS\SYSTEM32\DCIMAN32.dll
0x0000000064500000 - 0x00000000645ae000 	C:\Users\Dan\AppData\Local\Temp\jogamp_0000\file_cache\jln763770457710871298\jln4670499413906261916\jogl_desktop.dll
0x0000000064340000 - 0x00000000643a0000 	C:\Users\Dan\AppData\Local\Temp\jogamp_0000\file_cache\jln763770457710871298\jln4670499413906261916\jogl_mobile.dll
0x00007ff842f80000 - 0x00007ff843a79000 	C:\WINDOWS\SYSTEM32\ig75icd64.dll
0x00007ff866910000 - 0x00007ff867314000 	C:\WINDOWS\SYSTEM32\igdusc64.dll
0x00007ff868b70000 - 0x00007ff868b83000 	C:\WINDOWS\SYSTEM32\WTSAPI32.dll
0x0000000055970000 - 0x00000000559b7000 	C:\Program Files\Java\jdk1.8.0_60\jre\bin\fontmanager.dll
0x0000000055930000 - 0x0000000055961000 	C:\Program Files\Java\jdk1.8.0_60\jre\bin\jpeg.dll
0x00007ff84bc80000 - 0x00007ff84be0a000 	C:\WINDOWS\SYSTEM32\dbghelp.dll

VM Arguments:
jvm_args: -Didea.launcher.port=7532 -Didea.launcher.bin.path=C:\Program Files (x86)\JetBrains\IntelliJ IDEA Community Edition 15.0.1\bin -Dfile.encoding=UTF-8 
java_command: com.intellij.rt.execution.application.AppMain a4.Main
java_class_path (initial): C:\Program Files\Java\jdk1.8.0_60\jre\lib\charsets.jar;C:\Program Files\Java\jdk1.8.0_60\jre\lib\deploy.jar;C:\Program Files\Java\jdk1.8.0_60\jre\lib\ext\access-bridge-64.jar;C:\Program Files\Java\jdk1.8.0_60\jre\lib\ext\cldrdata.jar;C:\Program Files\Java\jdk1.8.0_60\jre\lib\ext\dnsns.jar;C:\Program Files\Java\jdk1.8.0_60\jre\lib\ext\jaccess.jar;C:\Program Files\Java\jdk1.8.0_60\jre\lib\ext\jfxrt.jar;C:\Program Files\Java\jdk1.8.0_60\jre\lib\ext\localedata.jar;C:\Program Files\Java\jdk1.8.0_60\jre\lib\ext\nashorn.jar;C:\Program Files\Java\jdk1.8.0_60\jre\lib\ext\sunec.jar;C:\Program Files\Java\jdk1.8.0_60\jre\lib\ext\sunjce_provider.jar;C:\Program Files\Java\jdk1.8.0_60\jre\lib\ext\sunmscapi.jar;C:\Program Files\Java\jdk1.8.0_60\jre\lib\ext\sunpkcs11.jar;C:\Program Files\Java\jdk1.8.0_60\jre\lib\ext\zipfs.jar;C:\Program Files\Java\jdk1.8.0_60\jre\lib\javaws.jar;C:\Program Files\Java\jdk1.8.0_60\jre\lib\jce.jar;C:\Program Files\Java\jdk1.8.0_60\jre\lib\jfr.jar;C:\Program Files\Java\jdk1.8.0_60\jre\lib\jfxswt.jar;C:\Program Files\Java\jdk1.8.0_60\jre\lib\jsse.jar;C:\Program Files\Java\jdk1.8.0_60\jre\lib\management-agent.jar;C:\Program Files\Java\jdk1.8.0_60\jre\lib\plugin.jar;C:\Program Files\Java\jdk1.8.0_60\jre\lib\resources.jar;C:\Program Files\Java\jdk1.8.0_60\jre\lib\rt.jar;C:\Users\Dan\Developer\CSC155\Assignments\a4\out\production\a4;C:\jogl\jogamp-all-platforms\jar\joal.jar;C:\jogl\jogamp-all-platforms\jar\jocl.jar;C:\jogl\jogamp-all-platforms\jar\gluegen.jar;C:\jogl\jogamp-all-platforms\jar\jogl-all.jar;C:\jogl\jogamp-all-platforms\jar\joal-test.jar;C:\jogl\jogamp-all-platforms\jar\jocl-test.jar;C:\jogl\jogamp-all-platforms\jar\jogl-test.jar;C:\jogl\jogamp-all-platforms\jar\gluegen-rt.jar;C:\jogl\jogamp-all-platforms\jar\joal-android.jar;C:\jogl\jogamp-all-platforms\jar\jocl-android.jar;C:\jogl\jogamp-all-platforms\jar\jogl-all-noawt.jar;C:\jogl\jogamp-all-platforms\jar\jogl-all-mobile.jar;C:\jogl\jogamp-all-platforms\jar\jogl-al
Launcher Type: SUN_STANDARD

Environment Variables:
JAVA_HOME=C:\Program Files\Java\jdk1.8.0_60
CLASSPATH=.;C:\jogl\jogamp-all-platforms\jar\gluegen-rt.jar;C:\jogl\jogamp-all-platforms\jar\jogl-all.jar;C:\jogl\jogl-demos\jogl-demos\jar\jogl-demos.jar;C:\jogl\jogl-demos\jogl-demos\jar\jogl-demos-data.jar;C:\jogl\jogl-demos\jogl-demos\jar\jogl-demos-util.jar;C:\jogl\graphicslib3D\graphicslib3D.jar
PATH=C:\ProgramData\Oracle\Java\javapath;C:\Program Files\Java\jdk1.8.0_60\bin;C:\WINDOWS\system32;C:\WINDOWS;C:\WINDOWS\System32\Wbem;C:\WINDOWS\System32\WindowsPowerShell\v1.0\;C:\Program Files\Git\cmd;C:\adb
USERNAME=Dan
OS=Windows_NT
PROCESSOR_IDENTIFIER=Intel64 Family 6 Model 69 Stepping 1, GenuineIntel



---------------  S Y S T E M  ---------------

OS: Windows 10.0 , 64 bit Build 10240 (10.0.10240.16384)

CPU:total 4 (2 cores per cpu, 2 threads per core) family 6 model 69 stepping 1, cmov, cx8, fxsr, mmx, sse, sse2, sse3, ssse3, sse4.1, sse4.2, popcnt, avx, avx2, aes, clmul, erms, lzcnt, ht, tsc, tscinvbit, bmi1, bmi2

Memory: 4k page, physical 8294916k(4269740k free), swap 15619072k(11127660k free)

vm_info: Java HotSpot(TM) 64-Bit Server VM (25.60-b23) for windows-amd64 JRE (1.8.0_60-b27), built on Aug  4 2015 11:06:27 by "java_re" with MS VC++ 10.0 (VS2010)

time: Tue Dec 08 12:34:50 2015
elapsed time: 9 seconds (0d 0h 0m 9s)

