#
# A fatal error has been detected by the Java Runtime Environment:
#
#  EXCEPTION_ACCESS_VIOLATION (0xc0000005) at pc=0x00007ff84319b072, pid=5196, tid=5948
#
# JRE version: Java(TM) SE Runtime Environment (8.0_60-b27) (build 1.8.0_60-b27)
# Java VM: Java HotSpot(TM) 64-Bit Server VM (25.60-b23 mixed mode windows-amd64 compressed oops)
# Problematic frame:
# C  [ig75icd64.dll+0x21b072]
#
# Failed to write core dump. Minidumps are not enabled by default on client versions of Windows
#
# If you would like to submit a bug report, please visit:
#   http://bugreport.java.com/bugreport/crash.jsp
# The crash happened outside the Java Virtual Machine in native code.
# See problematic frame for where to report the bug.
#

---------------  T H R E A D  ---------------

Current thread (0x000000001bb7c000):  JavaThread "AWT-EventQueue-0" [_thread_in_native, id=5948, stack(0x000000001c720000,0x000000001c820000)]

siginfo: ExceptionCode=0xc0000005, reading address 0x0000000000000028

Registers:
RAX=0x0000000000000002, RBX=0x000000001d7053fc, RCX=0x0000000000000000, RDX=0x0000000021d28b20
RSP=0x000000001c81ad90, RBP=0x000000001c81ae90, RSI=0x00000000010acf00, RDI=0x000000001d7053c8
R8 =0x0000000000000002, R9 =0x000000001ccf4bd0, R10=0x0000000021d28bd8, R11=0x0000000021d29460
R12=0x0000000000000002, R13=0x0000000000000003, R14=0x0000000000000002, R15=0x0000000000000002
RIP=0x00007ff84319b072, EFLAGS=0x0000000000010202

Top of Stack: (sp=0x000000001c81ad90)
0x000000001c81ad90:   0000000021d1a418 00000000032df000
0x000000001c81ada0:   0000000021d1a370 0000000021d1a418
0x000000001c81adb0:   0000000000000000 000000000000000b
0x000000001c81adc0:   0000000021a8ce08 00007ff821a8cd88
0x000000001c81add0:   0000000021a8cdc8 0000000321904540
0x000000001c81ade0:   0000000221a8b248 000000001ccf4bd0
0x000000001c81adf0:   000000001c9fea38 00000000216a0710
0x000000001c81ae00:   0000000021d28bd8 0000000021a8b1a8
0x000000001c81ae10:   0000000021a8b008 0000000000000002
0x000000001c81ae20:   000000001ca18148 0000000021a8afa8
0x000000001c81ae30:   0000000000000003 000000001d704d3c
0x000000001c81ae40:   000000001786c178 000000001c9fea18
0x000000001c81ae50:   0000000021a8b0a8 0000000000000002
0x000000001c81ae60:   0000000021a8b0e8 000000000000000b
0x000000001c81ae70:   0000000021a8b208 00000000219f7f50
0x000000001c81ae80:   0000000021a8b1e8 000000001d6fc000 

Instructions: (pc=0x00007ff84319b072)
0x00007ff84319b052:   45 8b b9 a0 00 00 00 44 89 7d 88 41 80 b9 84 00
0x00007ff84319b062:   00 00 00 0f 84 6f 0b 00 00 49 8b 89 e0 00 00 00
0x00007ff84319b072:   48 8b 41 28 48 85 c0 0f 84 06 0b 00 00 4c 8b 68
0x00007ff84319b082:   20 4d 85 ed 0f 84 f4 0a 00 00 41 8b d7 48 c1 e2 


Register to memory mapping:

RAX=0x0000000000000002 is an unknown value
RBX=0x000000001d7053fc is an unknown value
RCX=0x0000000000000000 is an unknown value
RDX=0x0000000021d28b20 is an unknown value
RSP=0x000000001c81ad90 is pointing into the stack for thread: 0x000000001bb7c000
RBP=0x000000001c81ae90 is pointing into the stack for thread: 0x000000001bb7c000
RSI=0x00000000010acf00 is an unknown value
RDI=0x000000001d7053c8 is an unknown value
R8 =0x0000000000000002 is an unknown value
R9 =0x000000001ccf4bd0 is an unknown value
R10=0x0000000021d28bd8 is an unknown value
R11=0x0000000021d29460 is an unknown value
R12=0x0000000000000002 is an unknown value
R13=0x0000000000000003 is an unknown value
R14=0x0000000000000002 is an unknown value
R15=0x0000000000000002 is an unknown value


Stack: [0x000000001c720000,0x000000001c820000],  sp=0x000000001c81ad90,  free space=1003k
Native frames: (J=compiled Java code, j=interpreted, Vv=VM code, C=native code)
C  [ig75icd64.dll+0x21b072]
C  [ig75icd64.dll+0x23320e]
C  [ig75icd64.dll+0x2e798b]
C  [ig75icd64.dll+0x2e73c7]
C  [ig75icd64.dll+0xdc014]
C  [ig75icd64.dll+0x4b52b3]
C  0x0000000003035e34

Java frames: (J=compiled Java code, j=interpreted, Vv=VM code)
j  jogamp.opengl.gl4.GL4bcImpl.dispatch_glDrawArrays1(IIIJ)V+0
j  jogamp.opengl.gl4.GL4bcImpl.glDrawArrays(III)V+45
j  a4.Objects.ObjectTV.draw(Lcom/jogamp/opengl/GL4;Lgraphicslib3D/Matrix3D;IIILgraphicslib3D/Matrix3D;)V+261
j  a4.Code.display(Lcom/jogamp/opengl/GLAutoDrawable;)V+486
j  jogamp.opengl.GLDrawableHelper.displayImpl(Lcom/jogamp/opengl/GLAutoDrawable;)V+81
j  jogamp.opengl.GLDrawableHelper.display(Lcom/jogamp/opengl/GLAutoDrawable;)V+2
j  com.jogamp.opengl.awt.GLCanvas$11.run()V+118
j  jogamp.opengl.GLDrawableHelper.invokeGLImpl(Lcom/jogamp/opengl/GLDrawable;Lcom/jogamp/opengl/GLContext;Ljava/lang/Runnable;Ljava/lang/Runnable;)V+203
j  jogamp.opengl.GLDrawableHelper.invokeGL(Lcom/jogamp/opengl/GLDrawable;Lcom/jogamp/opengl/GLContext;Ljava/lang/Runnable;Ljava/lang/Runnable;)V+72
j  com.jogamp.opengl.awt.GLCanvas$12.run()V+104
j  java.awt.event.InvocationEvent.dispatch()V+11
j  java.awt.EventQueue.dispatchEventImpl(Ljava/awt/AWTEvent;Ljava/lang/Object;)V+21
j  java.awt.EventQueue.access$500(Ljava/awt/EventQueue;Ljava/awt/AWTEvent;Ljava/lang/Object;)V+3
j  java.awt.EventQueue$3.run()Ljava/lang/Void;+32
j  java.awt.EventQueue$3.run()Ljava/lang/Object;+1
v  ~StubRoutines::call_stub
j  java.security.AccessController.doPrivileged(Ljava/security/PrivilegedAction;Ljava/security/AccessControlContext;)Ljava/lang/Object;+0
j  java.security.ProtectionDomain$JavaSecurityAccessImpl.doIntersectionPrivilege(Ljava/security/PrivilegedAction;Ljava/security/AccessControlContext;Ljava/security/AccessControlContext;)Ljava/lang/Object;+18
j  java.awt.EventQueue.dispatchEvent(Ljava/awt/AWTEvent;)V+46
j  java.awt.EventDispatchThread.pumpOneEventForFilters(I)V+245
j  java.awt.EventDispatchThread.pumpEventsForFilter(ILjava/awt/Conditional;Ljava/awt/EventFilter;)V+35
j  java.awt.EventDispatchThread.pumpEventsForHierarchy(ILjava/awt/Conditional;Ljava/awt/Component;)V+11
j  java.awt.EventDispatchThread.pumpEvents(ILjava/awt/Conditional;)V+4
j  java.awt.EventDispatchThread.pumpEvents(Ljava/awt/Conditional;)V+3
j  java.awt.EventDispatchThread.run()V+9
v  ~StubRoutines::call_stub

---------------  P R O C E S S  ---------------

Java Threads: ( => current thread )
  0x0000000002f25000 JavaThread "DestroyJavaVM" [_thread_blocked, id=5868, stack(0x0000000002e20000,0x0000000002f20000)]
  0x000000001b249000 JavaThread "main-FPSAWTAnimator#00-Timer0" [_thread_blocked, id=2624, stack(0x0000000021ec0000,0x0000000021fc0000)]
  0x000000001b788000 JavaThread "main-SharedResourceRunner" daemon [_thread_blocked, id=6556, stack(0x000000001ca20000,0x000000001cb20000)]
=>0x000000001bb7c000 JavaThread "AWT-EventQueue-0" [_thread_in_native, id=5948, stack(0x000000001c720000,0x000000001c820000)]
  0x000000001bb7b000 JavaThread "AWT-Shutdown" [_thread_blocked, id=6820, stack(0x000000001a670000,0x000000001a770000)]
  0x000000001a01c800 JavaThread "AWT-Windows" daemon [_thread_in_native, id=5344, stack(0x000000001a770000,0x000000001a870000)]
  0x000000001a01a000 JavaThread "Java2D Disposer" daemon [_thread_blocked, id=5440, stack(0x000000001a540000,0x000000001a640000)]
  0x00000000198bc000 JavaThread "Monitor Ctrl-Break" daemon [_thread_in_native, id=5292, stack(0x000000001a2c0000,0x000000001a3c0000)]
  0x0000000017bdd800 JavaThread "Service Thread" daemon [_thread_blocked, id=5548, stack(0x00000000198c0000,0x00000000199c0000)]
  0x0000000017b93800 JavaThread "C1 CompilerThread2" daemon [_thread_blocked, id=616, stack(0x00000000193c0000,0x00000000194c0000)]
  0x0000000017b84800 JavaThread "C2 CompilerThread1" daemon [_thread_blocked, id=648, stack(0x00000000192c0000,0x00000000193c0000)]
  0x0000000017b82800 JavaThread "C2 CompilerThread0" daemon [_thread_blocked, id=4216, stack(0x00000000191c0000,0x00000000192c0000)]
  0x0000000017b80800 JavaThread "Attach Listener" daemon [_thread_blocked, id=7020, stack(0x00000000190c0000,0x00000000191c0000)]
  0x0000000017b7f000 JavaThread "Signal Dispatcher" daemon [_thread_blocked, id=5888, stack(0x0000000018fc0000,0x00000000190c0000)]
  0x0000000003015800 JavaThread "Finalizer" daemon [_thread_blocked, id=32, stack(0x0000000018de0000,0x0000000018ee0000)]
  0x0000000003012000 JavaThread "Reference Handler" daemon [_thread_blocked, id=6460, stack(0x0000000018ce0000,0x0000000018de0000)]

Other Threads:
  0x0000000017b47800 VMThread [stack: 0x0000000018be0000,0x0000000018ce0000] [id=4768]
  0x0000000019560000 WatcherThread [stack: 0x00000000199c0000,0x0000000019ac0000] [id=3296]

VM state:not at safepoint (normal execution)

VM Mutex/Monitor currently owned by a thread: None

Heap:
 PSYoungGen      total 539648K, used 43690K [0x00000000d5d00000, 0x0000000100000000, 0x0000000100000000)
  eden space 528384K, 8% used [0x00000000d5d00000,0x00000000d87aaba0,0x00000000f6100000)
  from space 11264K, 0% used [0x00000000ff500000,0x00000000ff500000,0x0000000100000000)
  to   space 81408K, 0% used [0x00000000f6100000,0x00000000f6100000,0x00000000fb080000)
 ParOldGen       total 329216K, used 200370K [0x0000000081600000, 0x0000000095780000, 0x00000000d5d00000)
  object space 329216K, 60% used [0x0000000081600000,0x000000008d9ac8e8,0x0000000095780000)
 Metaspace       used 15940K, capacity 16146K, committed 16384K, reserved 1064960K
  class space    used 1641K, capacity 1729K, committed 1792K, reserved 1048576K

Card table byte_map: [0x00000000123e0000,0x00000000127e0000] byte_map_base: 0x0000000011fd5000

Marking Bits: (ParMarkBitMap*) 0x000000005642a5b0
 Begin Bits: [0x0000000012e90000, 0x0000000014e38000)
 End Bits:   [0x0000000014e38000, 0x0000000016de0000)

Polling page: 0x00000000013b0000

CodeCache: size=245760Kb used=4587Kb max_used=5665Kb free=241172Kb
 bounds [0x0000000003020000, 0x00000000035c0000, 0x0000000012020000]
 total_blobs=1789 nmethods=971 adapters=731
 compilation: enabled

Compilation events (10 events):
Event: 8.600 Thread 0x0000000017b93800 1118       3       java.util.zip.ZipFile$ZipFileInputStream::finalize (5 bytes)
Event: 8.600 Thread 0x0000000017b93800 nmethod 1118 0x0000000003178810 code [0x0000000003178980, 0x0000000003178b08]
Event: 8.600 Thread 0x0000000017b93800 1119       3       java.util.zip.ZipFile$ZipFileInflaterInputStream::finalize (5 bytes)
Event: 8.600 Thread 0x0000000017b93800 nmethod 1119 0x00000000031ff550 code [0x00000000031ff6c0, 0x00000000031ff848]
Event: 8.637 Thread 0x0000000017b93800 1120       1       java.util.concurrent.locks.AbstractQueuedSynchronizer::getState (5 bytes)
Event: 8.637 Thread 0x0000000017b93800 nmethod 1120 0x0000000003194010 code [0x0000000003194160, 0x0000000003194270]
Event: 8.651 Thread 0x0000000017b93800 1121       1       java.util.EventObject::getSource (5 bytes)
Event: 8.651 Thread 0x0000000017b93800 nmethod 1121 0x00000000031eb0d0 code [0x00000000031eb220, 0x00000000031eb330]
Event: 8.707 Thread 0x0000000017b93800 1122       1       java.lang.Boolean::booleanValue (5 bytes)
Event: 8.707 Thread 0x0000000017b93800 nmethod 1122 0x00000000032e7fd0 code [0x00000000032e8120, 0x00000000032e8230]

GC Heap History (10 events):
Event: 3.862 GC heap before
{Heap before GC invocations=11 (full 0):
 PSYoungGen      total 429568K, used 428667K [0x00000000d5d00000, 0x00000000f0780000, 0x0000000100000000)
  eden space 423936K, 100% used [0x00000000d5d00000,0x00000000efb00000,0x00000000efb00000)
  from space 5632K, 84% used [0x00000000f0100000,0x00000000f059ecb0,0x00000000f0680000)
  to   space 6144K, 0% used [0x00000000efb00000,0x00000000efb00000,0x00000000f0100000)
 ParOldGen       total 87552K, used 6414K [0x0000000081600000, 0x0000000086b80000, 0x00000000d5d00000)
  object space 87552K, 7% used [0x0000000081600000,0x0000000081c43b00,0x0000000086b80000)
 Metaspace       used 7709K, capacity 7876K, committed 8192K, reserved 1056768K
  class space    used 845K, capacity 898K, committed 1024K, reserved 1048576K
Event: 3.898 GC heap after
Heap after GC invocations=11 (full 0):
 PSYoungGen      total 430080K, used 6118K [0x00000000d5d00000, 0x0000000100000000, 0x0000000100000000)
  eden space 423936K, 0% used [0x00000000d5d00000,0x00000000d5d00000,0x00000000efb00000)
  from space 6144K, 99% used [0x00000000efb00000,0x00000000f00f9858,0x00000000f0100000)
  to   space 10752K, 0% used [0x00000000ff580000,0x00000000ff580000,0x0000000100000000)
 ParOldGen       total 87552K, used 17838K [0x0000000081600000, 0x0000000086b80000, 0x00000000d5d00000)
  object space 87552K, 20% used [0x0000000081600000,0x000000008276b800,0x0000000086b80000)
 Metaspace       used 7709K, capacity 7876K, committed 8192K, reserved 1056768K
  class space    used 845K, capacity 898K, committed 1024K, reserved 1048576K
}
Event: 4.184 GC heap before
{Heap before GC invocations=12 (full 0):
 PSYoungGen      total 430080K, used 430054K [0x00000000d5d00000, 0x0000000100000000, 0x0000000100000000)
  eden space 423936K, 100% used [0x00000000d5d00000,0x00000000efb00000,0x00000000efb00000)
  from space 6144K, 99% used [0x00000000efb00000,0x00000000f00f9858,0x00000000f0100000)
  to   space 10752K, 0% used [0x00000000ff580000,0x00000000ff580000,0x0000000100000000)
 ParOldGen       total 87552K, used 17838K [0x0000000081600000, 0x0000000086b80000, 0x00000000d5d00000)
  object space 87552K, 20% used [0x0000000081600000,0x000000008276b800,0x0000000086b80000)
 Metaspace       used 7709K, capacity 7876K, committed 8192K, reserved 1056768K
  class space    used 845K, capacity 898K, committed 1024K, reserved 1048576K
Event: 4.209 GC heap after
Heap after GC invocations=12 (full 0):
 PSYoungGen      total 679424K, used 7293K [0x00000000d5d00000, 0x0000000100000000, 0x0000000100000000)
  eden space 668672K, 0% used [0x00000000d5d00000,0x00000000d5d00000,0x00000000fea00000)
  from space 10752K, 67% used [0x00000000ff580000,0x00000000ffc9f450,0x0000000100000000)
  to   space 11264K, 0% used [0x00000000fea00000,0x00000000fea00000,0x00000000ff500000)
 ParOldGen       total 87552K, used 22557K [0x0000000081600000, 0x0000000086b80000, 0x00000000d5d00000)
  object space 87552K, 25% used [0x0000000081600000,0x0000000082c07500,0x0000000086b80000)
 Metaspace       used 7709K, capacity 7876K, committed 8192K, reserved 1056768K
  class space    used 845K, capacity 898K, committed 1024K, reserved 1048576K
}
Event: 4.783 GC heap before
{Heap before GC invocations=13 (full 0):
 PSYoungGen      total 679424K, used 675965K [0x00000000d5d00000, 0x0000000100000000, 0x0000000100000000)
  eden space 668672K, 100% used [0x00000000d5d00000,0x00000000fea00000,0x00000000fea00000)
  from space 10752K, 67% used [0x00000000ff580000,0x00000000ffc9f450,0x0000000100000000)
  to   space 11264K, 0% used [0x00000000fea00000,0x00000000fea00000,0x00000000ff500000)
 ParOldGen       total 87552K, used 22557K [0x0000000081600000, 0x0000000086b80000, 0x00000000d5d00000)
  object space 87552K, 25% used [0x0000000081600000,0x0000000082c07500,0x0000000086b80000)
 Metaspace       used 7709K, capacity 7876K, committed 8192K, reserved 1056768K
  class space    used 845K, capacity 898K, committed 1024K, reserved 1048576K
Event: 4.845 GC heap after
Heap after GC invocations=13 (full 0):
 PSYoungGen      total 679936K, used 11242K [0x00000000d5d00000, 0x0000000100000000, 0x0000000100000000)
  eden space 668672K, 0% used [0x00000000d5d00000,0x00000000d5d00000,0x00000000fea00000)
  from space 11264K, 99% used [0x00000000fea00000,0x00000000ff4fab68,0x00000000ff500000)
  to   space 11264K, 0% used [0x00000000ff500000,0x00000000ff500000,0x0000000100000000)
 ParOldGen       total 87552K, used 36397K [0x0000000081600000, 0x0000000086b80000, 0x00000000d5d00000)
  object space 87552K, 41% used [0x0000000081600000,0x000000008398b4b8,0x0000000086b80000)
 Metaspace       used 7709K, capacity 7876K, committed 8192K, reserved 1056768K
  class space    used 845K, capacity 898K, committed 1024K, reserved 1048576K
}
Event: 7.074 GC heap before
{Heap before GC invocations=14 (full 0):
 PSYoungGen      total 679936K, used 679914K [0x00000000d5d00000, 0x0000000100000000, 0x0000000100000000)
  eden space 668672K, 100% used [0x00000000d5d00000,0x00000000fea00000,0x00000000fea00000)
  from space 11264K, 99% used [0x00000000fea00000,0x00000000ff4fab68,0x00000000ff500000)
  to   space 11264K, 0% used [0x00000000ff500000,0x00000000ff500000,0x0000000100000000)
 ParOldGen       total 87552K, used 36397K [0x0000000081600000, 0x0000000086b80000, 0x00000000d5d00000)
  object space 87552K, 41% used [0x0000000081600000,0x000000008398b4b8,0x0000000086b80000)
 Metaspace       used 15930K, capacity 16146K, committed 16384K, reserved 1064960K
  class space    used 1641K, capacity 1729K, committed 1792K, reserved 1048576K
Event: 7.157 GC heap after
Heap after GC invocations=14 (full 0):
 PSYoungGen      total 539648K, used 11255K [0x00000000d5d00000, 0x0000000100000000, 0x0000000100000000)
  eden space 528384K, 0% used [0x00000000d5d00000,0x00000000d5d00000,0x00000000f6100000)
  from space 11264K, 99% used [0x00000000ff500000,0x00000000ffffdeb8,0x0000000100000000)
  to   space 81408K, 0% used [0x00000000f6100000,0x00000000f6100000,0x00000000fb080000)
 ParOldGen       total 206336K, used 205832K [0x0000000081600000, 0x000000008df80000, 0x00000000d5d00000)
  object space 206336K, 99% used [0x0000000081600000,0x000000008df02030,0x000000008df80000)
 Metaspace       used 15930K, capacity 16146K, committed 16384K, reserved 1064960K
  class space    used 1641K, capacity 1729K, committed 1792K, reserved 1048576K
}
Event: 7.157 GC heap before
{Heap before GC invocations=15 (full 1):
 PSYoungGen      total 539648K, used 11255K [0x00000000d5d00000, 0x0000000100000000, 0x0000000100000000)
  eden space 528384K, 0% used [0x00000000d5d00000,0x00000000d5d00000,0x00000000f6100000)
  from space 11264K, 99% used [0x00000000ff500000,0x00000000ffffdeb8,0x0000000100000000)
  to   space 81408K, 0% used [0x00000000f6100000,0x00000000f6100000,0x00000000fb080000)
 ParOldGen       total 206336K, used 205832K [0x0000000081600000, 0x000000008df80000, 0x00000000d5d00000)
  object space 206336K, 99% used [0x0000000081600000,0x000000008df02030,0x000000008df80000)
 Metaspace       used 15930K, capacity 16146K, committed 16384K, reserved 1064960K
  class space    used 1641K, capacity 1729K, committed 1792K, reserved 1048576K
Event: 8.589 GC heap after
Heap after GC invocations=15 (full 1):
 PSYoungGen      total 539648K, used 0K [0x00000000d5d00000, 0x0000000100000000, 0x0000000100000000)
  eden space 528384K, 0% used [0x00000000d5d00000,0x00000000d5d00000,0x00000000f6100000)
  from space 11264K, 0% used [0x00000000ff500000,0x00000000ff500000,0x0000000100000000)
  to   space 81408K, 0% used [0x00000000f6100000,0x00000000f6100000,0x00000000fb080000)
 ParOldGen       total 329216K, used 200370K [0x0000000081600000, 0x0000000095780000, 0x00000000d5d00000)
  object space 329216K, 60% used [0x0000000081600000,0x000000008d9ac8e8,0x0000000095780000)
 Metaspace       used 15930K, capacity 16146K, committed 16384K, reserved 1064960K
  class space    used 1641K, capacity 1729K, committed 1792K, reserved 1048576K
}

Deoptimization events (10 events):
Event: 5.996 Thread 0x000000001b788000 Uncommon trap: reason=unstable_if action=reinterpret pc=0x00000000032e2a74 method=java.lang.String.trim()Ljava/lang/String; @ 23
Event: 6.267 Thread 0x000000001b788000 Uncommon trap: reason=unstable_if action=reinterpret pc=0x000000000351a288 method=java.lang.Class.searchFields([Ljava/lang/reflect/Field;Ljava/lang/String;)Ljava/lang/reflect/Field; @ 20
Event: 6.271 Thread 0x0000000002f25000 Uncommon trap: reason=unstable_if action=reinterpret pc=0x00000000034fc3a8 method=java.util.HashMap.containsKey(Ljava/lang/Object;)Z @ 9
Event: 6.273 Thread 0x0000000002f25000 Uncommon trap: reason=unstable_if action=reinterpret pc=0x0000000003511fb0 method=java.lang.reflect.AccessibleObject.setAccessible0(Ljava/lang/reflect/AccessibleObject;Z)V @ 4
Event: 6.296 Thread 0x0000000002f25000 Uncommon trap: reason=class_check action=maybe_recompile pc=0x00000000032a5548 method=java.util.AbstractCollection.toArray([Ljava/lang/Object;)[Ljava/lang/Object; @ 1
Event: 6.296 Thread 0x0000000002f25000 Uncommon trap: reason=class_check action=maybe_recompile pc=0x00000000032a5548 method=java.util.AbstractCollection.toArray([Ljava/lang/Object;)[Ljava/lang/Object; @ 1
Event: 6.688 Thread 0x000000001bb7c000 Uncommon trap: reason=unstable_if action=reinterpret pc=0x000000000357e928 method=java.awt.image.ComponentColorModel.getDataElements(ILjava/lang/Object;)Ljava/lang/Object; @ 30
Event: 6.740 Thread 0x000000001bb7c000 Uncommon trap: reason=unstable_if action=reinterpret pc=0x00000000035717b8 method=sun.awt.image.ByteInterleavedRaster.getDataElements(IILjava/lang/Object;)Ljava/lang/Object; @ 43
Event: 6.911 Thread 0x000000001bb7c000 Uncommon trap: reason=unstable_if action=reinterpret pc=0x000000000358f278 method=sun.java2d.loops.OpaqueCopyAnyToArgb.Blit(Lsun/java2d/SurfaceData;Lsun/java2d/SurfaceData;Ljava/awt/Composite;Lsun/java2d/pipe/Region;IIIIII)V @ 150
Event: 8.700 Thread 0x000000001bb7c000 Uncommon trap: reason=unstable_if action=reinterpret pc=0x00000000035975ac method=sun.java2d.loops.OpaqueCopyArgbToAny.Blit(Lsun/java2d/SurfaceData;Lsun/java2d/SurfaceData;Ljava/awt/Composite;Lsun/java2d/pipe/Region;IIIIII)V @ 117

Internal exceptions (10 events):
Event: 0.782 Thread 0x0000000002f25000 Exception <a 'java/io/FileNotFoundException'> (0x00000000d608d338) thrown at [C:\re\workspace\8-2-build-windows-amd64-cygwin\jdk8u60\4407\hotspot\src\share\vm\prims\jni.cpp, line 709]
Event: 0.897 Thread 0x0000000002f25000 Exception <a 'java/lang/NoSuchFieldError': method resolution failed> (0x00000000d6200fa8) thrown at [C:\re\workspace\8-2-build-windows-amd64-cygwin\jdk8u60\4407\hotspot\src\share\vm\prims\methodHandles.cpp, line 1146]
Event: 0.903 Thread 0x0000000002f25000 Exception <a 'java/lang/NoSuchFieldError': method resolution failed> (0x00000000d620e2f8) thrown at [C:\re\workspace\8-2-build-windows-amd64-cygwin\jdk8u60\4407\hotspot\src\share\vm\prims\methodHandles.cpp, line 1146]
Event: 1.047 Thread 0x0000000002f25000 Exception <a 'java/io/FileNotFoundException'> (0x00000000d62a3748) thrown at [C:\re\workspace\8-2-build-windows-amd64-cygwin\jdk8u60\4407\hotspot\src\share\vm\prims\jni.cpp, line 709]
Event: 4.957 Thread 0x0000000002f25000 Implicit null exception at 0x00000000033caa04 to 0x00000000033d10c5
Event: 5.323 Thread 0x0000000002f25000 Implicit null exception at 0x00000000033298f1 to 0x0000000003329e8d
Event: 5.449 Thread 0x0000000002f25000 Exception <a 'java/io/FileNotFoundException'> (0x00000000eb77bae8) thrown at [C:\re\workspace\8-2-build-windows-amd64-cygwin\jdk8u60\4407\hotspot\src\share\vm\prims\jni.cpp, line 709]
Event: 6.268 Thread 0x0000000002f25000 Exception <a 'java/lang/InterruptedException'> (0x00000000ed891c40) thrown at [C:\re\workspace\8-2-build-windows-amd64-cygwin\jdk8u60\4407\hotspot\src\share\vm\runtime\objectMonitor.cpp, line 1683]
Event: 6.307 Thread 0x0000000002f25000 Exception <a 'java/lang/reflect/InvocationTargetException'> (0x00000000ed94d9b8) thrown at [C:\re\workspace\8-2-build-windows-amd64-cygwin\jdk8u60\4407\hotspot\src\share\vm\runtime\reflection.cpp, line 1092]
Event: 6.740 Thread 0x000000001bb7c000 Implicit null exception at 0x0000000003571540 to 0x000000000357179d

Events (10 events):
Event: 8.708 Thread 0x0000000017b93800 flushing nmethod 0x000000000335aed0
Event: 8.708 Thread 0x0000000017b93800 flushing nmethod 0x000000000335b510
Event: 8.708 Thread 0x0000000017b93800 flushing nmethod 0x000000000335b850
Event: 8.708 Thread 0x0000000017b93800 flushing nmethod 0x000000000335c950
Event: 8.708 Thread 0x0000000017b93800 flushing nmethod 0x000000000335d190
Event: 8.708 Thread 0x0000000017b93800 flushing nmethod 0x000000000335d790
Event: 8.708 Thread 0x0000000017b93800 flushing nmethod 0x000000000335e990
Event: 8.708 Thread 0x0000000017b93800 flushing nmethod 0x000000000335f810
Event: 8.788 loading class graphicslib3D/MatrixInvert
Event: 8.788 loading class graphicslib3D/MatrixInvert done


Dynamic libraries:
0x00007ff7377a0000 - 0x00007ff7377d7000 	C:\Program Files\Java\jdk1.8.0_60\bin\java.exe
0x00007ff86e490000 - 0x00007ff86e651000 	C:\WINDOWS\SYSTEM32\ntdll.dll
0x00007ff86c6f0000 - 0x00007ff86c79d000 	C:\WINDOWS\system32\KERNEL32.DLL
0x00007ff86b6e0000 - 0x00007ff86b8bd000 	C:\WINDOWS\system32\KERNELBASE.dll
0x00007ff86bdc0000 - 0x00007ff86be66000 	C:\WINDOWS\system32\ADVAPI32.dll
0x00007ff86bb40000 - 0x00007ff86bbdd000 	C:\WINDOWS\system32\msvcrt.dll
0x00007ff86bd60000 - 0x00007ff86bdbb000 	C:\WINDOWS\system32\sechost.dll
0x00007ff86c1f0000 - 0x00007ff86c316000 	C:\WINDOWS\system32\RPCRT4.dll
0x00007ff86c5a0000 - 0x00007ff86c6ee000 	C:\WINDOWS\system32\USER32.dll
0x00007ff86c020000 - 0x00007ff86c1a6000 	C:\WINDOWS\system32\GDI32.dll
0x00007ff85d550000 - 0x00007ff85d7c4000 	C:\WINDOWS\WinSxS\amd64_microsoft.windows.common-controls_6595b64144ccf1df_6.0.10240.16384_none_f41f7b285750ef43\COMCTL32.dll
0x00007ff86c1b0000 - 0x00007ff86c1e6000 	C:\WINDOWS\system32\IMM32.DLL
0x00007ff86bbe0000 - 0x00007ff86bd3c000 	C:\WINDOWS\system32\MSCTF.dll
0x00000000564b0000 - 0x0000000056582000 	C:\Program Files\Java\jdk1.8.0_60\jre\bin\msvcr100.dll
0x0000000055c20000 - 0x00000000564a9000 	C:\Program Files\Java\jdk1.8.0_60\jre\bin\server\jvm.dll
0x00007ff86c4e0000 - 0x00007ff86c4e8000 	C:\WINDOWS\system32\PSAPI.DLL
0x00007ff8619c0000 - 0x00007ff8619c9000 	C:\WINDOWS\SYSTEM32\WSOCK32.dll
0x00007ff869280000 - 0x00007ff8692a3000 	C:\WINDOWS\SYSTEM32\WINMM.dll
0x00007ff86be70000 - 0x00007ff86bed9000 	C:\WINDOWS\system32\WS2_32.dll
0x00007ff86c320000 - 0x00007ff86c328000 	C:\WINDOWS\system32\NSI.dll
0x00007ff8619d0000 - 0x00007ff8619da000 	C:\WINDOWS\SYSTEM32\VERSION.dll
0x0000000001380000 - 0x00000000013ac000 	C:\WINDOWS\SYSTEM32\WINMMBASE.dll
0x00007ff86baf0000 - 0x00007ff86bb34000 	C:\WINDOWS\system32\cfgmgr32.dll
0x00007ff869810000 - 0x00007ff869837000 	C:\WINDOWS\SYSTEM32\DEVOBJ.dll
0x0000000055c10000 - 0x0000000055c1f000 	C:\Program Files\Java\jdk1.8.0_60\jre\bin\verify.dll
0x0000000055be0000 - 0x0000000055c09000 	C:\Program Files\Java\jdk1.8.0_60\jre\bin\java.dll
0x0000000055bc0000 - 0x0000000055bd6000 	C:\Program Files\Java\jdk1.8.0_60\jre\bin\zip.dll
0x00007ff86caa0000 - 0x00007ff86dfc2000 	C:\WINDOWS\system32\SHELL32.dll
0x00007ff86b0b0000 - 0x00007ff86b6d8000 	C:\WINDOWS\system32\windows.storage.dll
0x00007ff86dfd0000 - 0x00007ff86e24c000 	C:\WINDOWS\system32\combase.dll
0x00007ff86ca40000 - 0x00007ff86ca91000 	C:\WINDOWS\system32\shlwapi.dll
0x00007ff86af10000 - 0x00007ff86af1f000 	C:\WINDOWS\system32\kernel.appcore.dll
0x00007ff86aff0000 - 0x00007ff86b0a3000 	C:\WINDOWS\system32\shcore.dll
0x00007ff86aec0000 - 0x00007ff86af0a000 	C:\WINDOWS\system32\powrprof.dll
0x00007ff86aea0000 - 0x00007ff86aeb3000 	C:\WINDOWS\system32\profapi.dll
0x00007ff8646b0000 - 0x00007ff8646c0000 	C:\Program Files (x86)\JetBrains\IntelliJ IDEA Community Edition 15.0.1\bin\breakgen64.dll
0x0000000055ba0000 - 0x0000000055bba000 	C:\Program Files\Java\jdk1.8.0_60\jre\bin\net.dll
0x00007ff86a730000 - 0x00007ff86a78d000 	C:\WINDOWS\system32\mswsock.dll
0x0000000054db0000 - 0x0000000054f48000 	C:\Program Files\Java\jdk1.8.0_60\jre\bin\awt.dll
0x00007ff86c7a0000 - 0x00007ff86c85e000 	C:\WINDOWS\system32\OLEAUT32.dll
0x00007ff8694a0000 - 0x00007ff869518000 	C:\WINDOWS\system32\apphelp.dll
0x00007ff868780000 - 0x00007ff8687a2000 	C:\WINDOWS\system32\DWMAPI.DLL
0x00007ff8696c0000 - 0x00007ff869756000 	C:\WINDOWS\system32\uxtheme.dll
0x00007ff86c8d0000 - 0x00007ff86ca11000 	C:\WINDOWS\system32\ole32.dll
0x00007ff86acf0000 - 0x00007ff86ad5b000 	C:\WINDOWS\SYSTEM32\bcryptPrimitives.dll
0x00007ff86a790000 - 0x00007ff86a7a7000 	C:\WINDOWS\SYSTEM32\CRYPTSP.dll
0x00007ff86a9e0000 - 0x00007ff86aa08000 	C:\WINDOWS\SYSTEM32\bcrypt.dll
0x00007ff86a330000 - 0x00007ff86a363000 	C:\WINDOWS\system32\rsaenh.dll
0x00007ff86a4b0000 - 0x00007ff86a4cf000 	C:\WINDOWS\SYSTEM32\USERENV.dll
0x00007ff86a930000 - 0x00007ff86a93b000 	C:\WINDOWS\SYSTEM32\CRYPTBASE.dll
0x00007ff866210000 - 0x00007ff866248000 	C:\WINDOWS\SYSTEM32\IPHLPAPI.DLL
0x00007ff866590000 - 0x00007ff86659b000 	C:\WINDOWS\SYSTEM32\WINNSI.DLL
0x00007ff865290000 - 0x00007ff8652a6000 	C:\WINDOWS\SYSTEM32\dhcpcsvc6.DLL
0x00007ff865be0000 - 0x00007ff865bfa000 	C:\WINDOWS\SYSTEM32\dhcpcsvc.DLL
0x00000000559f0000 - 0x0000000055a01000 	C:\Program Files\Java\jdk1.8.0_60\jre\bin\nio.dll
0x00000000637c0000 - 0x00000000637cd000 	C:\Users\Dan\AppData\Local\Temp\jogamp_0000\file_cache\jln4146165559902143104\jln3666828907211838916\gluegen-rt.dll
0x00000000559d0000 - 0x00000000559d7000 	C:\Program Files\Java\jdk1.8.0_60\jre\bin\jawt.dll
0x000000006a440000 - 0x000000006a44d000 	C:\Users\Dan\AppData\Local\Temp\jogamp_0000\file_cache\jln4146165559902143104\jln3666828907211838916\nativewindow_awt.dll
0x000000006c100000 - 0x000000006c10f000 	C:\Users\Dan\AppData\Local\Temp\jogamp_0000\file_cache\jln4146165559902143104\jln3666828907211838916\nativewindow_win32.dll
0x00007ff850450000 - 0x00007ff850578000 	C:\WINDOWS\SYSTEM32\OpenGL32.dll
0x00007ff850420000 - 0x00007ff85044e000 	C:\WINDOWS\SYSTEM32\GLU32.dll
0x00007ff84fb50000 - 0x00007ff84fc46000 	C:\WINDOWS\SYSTEM32\DDRAW.dll
0x00007ff8509f0000 - 0x00007ff8509f8000 	C:\WINDOWS\SYSTEM32\DCIMAN32.dll
0x0000000064500000 - 0x00000000645ae000 	C:\Users\Dan\AppData\Local\Temp\jogamp_0000\file_cache\jln4146165559902143104\jln3666828907211838916\jogl_desktop.dll
0x0000000064340000 - 0x00000000643a0000 	C:\Users\Dan\AppData\Local\Temp\jogamp_0000\file_cache\jln4146165559902143104\jln3666828907211838916\jogl_mobile.dll
0x00007ff842f80000 - 0x00007ff843a79000 	C:\WINDOWS\SYSTEM32\ig75icd64.dll
0x00007ff866910000 - 0x00007ff867314000 	C:\WINDOWS\SYSTEM32\igdusc64.dll
0x00007ff868b70000 - 0x00007ff868b83000 	C:\WINDOWS\SYSTEM32\WTSAPI32.dll
0x0000000054d60000 - 0x0000000054da7000 	C:\Program Files\Java\jdk1.8.0_60\jre\bin\fontmanager.dll
0x0000000054d20000 - 0x0000000054d51000 	C:\Program Files\Java\jdk1.8.0_60\jre\bin\jpeg.dll
0x00007ff84bc80000 - 0x00007ff84be0a000 	C:\WINDOWS\SYSTEM32\dbghelp.dll

VM Arguments:
jvm_args: -Didea.launcher.port=7536 -Didea.launcher.bin.path=C:\Program Files (x86)\JetBrains\IntelliJ IDEA Community Edition 15.0.1\bin -Dfile.encoding=UTF-8 
java_command: com.intellij.rt.execution.application.AppMain a4.Main
java_class_path (initial): C:\Program Files\Java\jdk1.8.0_60\jre\lib\charsets.jar;C:\Program Files\Java\jdk1.8.0_60\jre\lib\deploy.jar;C:\Program Files\Java\jdk1.8.0_60\jre\lib\ext\access-bridge-64.jar;C:\Program Files\Java\jdk1.8.0_60\jre\lib\ext\cldrdata.jar;C:\Program Files\Java\jdk1.8.0_60\jre\lib\ext\dnsns.jar;C:\Program Files\Java\jdk1.8.0_60\jre\lib\ext\jaccess.jar;C:\Program Files\Java\jdk1.8.0_60\jre\lib\ext\jfxrt.jar;C:\Program Files\Java\jdk1.8.0_60\jre\lib\ext\localedata.jar;C:\Program Files\Java\jdk1.8.0_60\jre\lib\ext\nashorn.jar;C:\Program Files\Java\jdk1.8.0_60\jre\lib\ext\sunec.jar;C:\Program Files\Java\jdk1.8.0_60\jre\lib\ext\sunjce_provider.jar;C:\Program Files\Java\jdk1.8.0_60\jre\lib\ext\sunmscapi.jar;C:\Program Files\Java\jdk1.8.0_60\jre\lib\ext\sunpkcs11.jar;C:\Program Files\Java\jdk1.8.0_60\jre\lib\ext\zipfs.jar;C:\Program Files\Java\jdk1.8.0_60\jre\lib\javaws.jar;C:\Program Files\Java\jdk1.8.0_60\jre\lib\jce.jar;C:\Program Files\Java\jdk1.8.0_60\jre\lib\jfr.jar;C:\Program Files\Java\jdk1.8.0_60\jre\lib\jfxswt.jar;C:\Program Files\Java\jdk1.8.0_60\jre\lib\jsse.jar;C:\Program Files\Java\jdk1.8.0_60\jre\lib\management-agent.jar;C:\Program Files\Java\jdk1.8.0_60\jre\lib\plugin.jar;C:\Program Files\Java\jdk1.8.0_60\jre\lib\resources.jar;C:\Program Files\Java\jdk1.8.0_60\jre\lib\rt.jar;C:\Users\Dan\Developer\CSC155\Assignments\a4\out\production\a4;C:\jogl\jogamp-all-platforms\jar\joal.jar;C:\jogl\jogamp-all-platforms\jar\jocl.jar;C:\jogl\jogamp-all-platforms\jar\gluegen.jar;C:\jogl\jogamp-all-platforms\jar\jogl-all.jar;C:\jogl\jogamp-all-platforms\jar\joal-test.jar;C:\jogl\jogamp-all-platforms\jar\jocl-test.jar;C:\jogl\jogamp-all-platforms\jar\jogl-test.jar;C:\jogl\jogamp-all-platforms\jar\gluegen-rt.jar;C:\jogl\jogamp-all-platforms\jar\joal-android.jar;C:\jogl\jogamp-all-platforms\jar\jocl-android.jar;C:\jogl\jogamp-all-platforms\jar\jogl-all-noawt.jar;C:\jogl\jogamp-all-platforms\jar\jogl-all-mobile.jar;C:\jogl\jogamp-all-platforms\jar\jogl-al
Launcher Type: SUN_STANDARD

Environment Variables:
JAVA_HOME=C:\Program Files\Java\jdk1.8.0_60
CLASSPATH=.;C:\jogl\jogamp-all-platforms\jar\gluegen-rt.jar;C:\jogl\jogamp-all-platforms\jar\jogl-all.jar;C:\jogl\jogl-demos\jogl-demos\jar\jogl-demos.jar;C:\jogl\jogl-demos\jogl-demos\jar\jogl-demos-data.jar;C:\jogl\jogl-demos\jogl-demos\jar\jogl-demos-util.jar;C:\jogl\graphicslib3D\graphicslib3D.jar
PATH=C:\ProgramData\Oracle\Java\javapath;C:\Program Files\Java\jdk1.8.0_60\bin;C:\WINDOWS\system32;C:\WINDOWS;C:\WINDOWS\System32\Wbem;C:\WINDOWS\System32\WindowsPowerShell\v1.0\;C:\Program Files\Git\cmd;C:\adb
USERNAME=Dan
OS=Windows_NT
PROCESSOR_IDENTIFIER=Intel64 Family 6 Model 69 Stepping 1, GenuineIntel



---------------  S Y S T E M  ---------------

OS: Windows 10.0 , 64 bit Build 10240 (10.0.10240.16384)

CPU:total 4 (2 cores per cpu, 2 threads per core) family 6 model 69 stepping 1, cmov, cx8, fxsr, mmx, sse, sse2, sse3, ssse3, sse4.1, sse4.2, popcnt, avx, avx2, aes, clmul, erms, lzcnt, ht, tsc, tscinvbit, bmi1, bmi2

Memory: 4k page, physical 8294916k(4005432k free), swap 15619072k(10672728k free)

vm_info: Java HotSpot(TM) 64-Bit Server VM (25.60-b23) for windows-amd64 JRE (1.8.0_60-b27), built on Aug  4 2015 11:06:27 by "java_re" with MS VC++ 10.0 (VS2010)

time: Tue Dec 08 12:33:47 2015
elapsed time: 8 seconds (0d 0h 0m 8s)

